[2022-01-02T09:36:34.922] [DEBUG] default - Client is ready
[2022-01-02T09:40:19.774] [DEBUG] default - Client is ready
[2022-01-02T09:50:24.520] [DEBUG] default - Client is ready
[2022-01-02T09:52:54.160] [DEBUG] default - Client is ready
[2022-01-02T09:53:24.188] [DEBUG] default - Client is ready
[2022-01-02T09:56:08.119] [DEBUG] default - Client is ready
[2022-01-02T09:56:38.674] [DEBUG] default - Client is ready
[2022-01-02T10:11:00.733] [DEBUG] default - Client is ready
[2022-01-02T10:26:34.536] [DEBUG] default - kek
[2022-01-02T10:30:30.870] [DEBUG] default - Client is ready
[2022-01-02T10:31:26.172] [DEBUG] default - Client is ready
[2022-01-02T10:36:30.498] [DEBUG] default - Client is ready
[2022-01-02T10:45:15.322] [DEBUG] default - Registering handlers
[2022-01-02T10:45:15.964] [DEBUG] default - Client is ready
[2022-01-02T10:50:09.078] [DEBUG] default - Registering handlers
[2022-01-02T10:50:09.649] [DEBUG] default - Client is ready
[2022-01-02T10:50:24.771] [DEBUG] default - Registering handlers
[2022-01-02T10:50:25.329] [DEBUG] default - Client is ready
[2022-01-02T10:50:58.516] [DEBUG] default - Registering handlers
[2022-01-02T10:50:59.077] [DEBUG] default - Client is ready
[2022-01-02T10:51:09.863] [DEBUG] default - Registering handlers
[2022-01-02T10:51:10.463] [DEBUG] default - Client is ready
[2022-01-02T10:51:14.897] [DEBUG] default - Handling command !kweoapwk
[2022-01-02T10:51:14.897] [DEBUG] default - Handler not found
[2022-01-02T10:51:18.021] [DEBUG] default - Handling command !pong
[2022-01-02T10:51:18.022] [DEBUG] default - Handler not found
[2022-01-02T10:51:20.538] [DEBUG] default - Handling command !test
[2022-01-02T10:51:20.539] [DEBUG] default - Handler not found
[2022-01-02T10:51:26.506] [DEBUG] default - Handling command !pong
[2022-01-02T10:51:26.507] [DEBUG] default - Handler not found
[2022-01-02T10:51:44.947] [DEBUG] default - Registering handlers
[2022-01-02T10:51:45.582] [DEBUG] default - Client is ready
[2022-01-02T10:51:47.133] [DEBUG] default - Handling command !test
[2022-01-02T10:51:47.134] [DEBUG] default - Handler not found
[2022-01-02T10:51:49.412] [DEBUG] default - Handling command !pong
[2022-01-02T10:51:49.413] [DEBUG] default - Handler not found
[2022-01-02T10:52:04.140] [DEBUG] default - Registering handlers
[2022-01-02T10:52:04.713] [DEBUG] default - Client is ready
[2022-01-02T10:52:15.442] [DEBUG] default - Registering handlers
[2022-01-02T10:52:16.013] [DEBUG] default - Client is ready
[2022-01-02T10:52:19.285] [DEBUG] default - Handling command !test
[2022-01-02T10:52:19.287] [DEBUG] default - Handler not found
[2022-01-02T10:52:21.702] [DEBUG] default - Handling command !pong
[2022-01-02T10:52:21.703] [DEBUG] default - Handler not found
[2022-01-02T10:53:03.600] [DEBUG] default - Registering handlers
[2022-01-02T10:53:04.240] [DEBUG] default - Client is ready
[2022-01-02T10:53:05.986] [DEBUG] default - Handling command !test
[2022-01-02T10:53:05.987] [DEBUG] default - Handler not found
[2022-01-02T10:53:07.623] [DEBUG] default - Handling command !pong
[2022-01-02T10:53:30.355] [DEBUG] default - Registering handlers
[2022-01-02T10:53:30.919] [DEBUG] default - Client is ready
[2022-01-02T10:53:31.375] [DEBUG] default - Handling command !pong
[2022-01-02T10:53:31.375] [DEBUG] default - Handler found: [object Object]
[2022-01-02T10:54:14.115] [DEBUG] default - Registering handlers
[2022-01-02T10:54:14.728] [DEBUG] default - Client is ready
[2022-01-02T10:54:16.361] [DEBUG] default - Handling command !pong
[2022-01-02T10:54:16.361] [DEBUG] default - Handler found: PongHandler
[2022-01-02T10:54:47.489] [DEBUG] default - Registering handlers
[2022-01-02T10:54:48.124] [DEBUG] default - Client is ready
[2022-01-02T10:54:50.828] [DEBUG] default - Handling command: "!pong"
[2022-01-02T10:54:50.829] [DEBUG] default - Handler found: PongHandler
[2022-01-02T10:54:52.709] [DEBUG] default - Handling command: "!test"
[2022-01-02T10:54:52.709] [DEBUG] default - Handler not found
[2022-01-02T10:55:12.825] [DEBUG] default - Registering handlers
[2022-01-02T10:55:13.492] [DEBUG] default - Client is ready
[2022-01-02T10:55:17.473] [DEBUG] default - Handling command: "!pong"
[2022-01-02T10:55:17.473] [DEBUG] default - Handler found: PongHandler
[2022-01-02T10:55:20.842] [DEBUG] default - Handling command: "!help"
[2022-01-02T10:55:20.842] [DEBUG] default - Handler not found
[2022-01-02T10:55:30.419] [DEBUG] default - Registering handlers
[2022-01-02T10:55:31.065] [DEBUG] default - Client is ready
[2022-01-02T10:55:33.529] [DEBUG] default - Handling command: "!test"
[2022-01-02T10:55:33.529] [DEBUG] default - Handler not found
[2022-01-02T10:55:36.245] [DEBUG] default - Handling command: "!help"
[2022-01-02T10:55:36.245] [DEBUG] default - Handler not found
[2022-01-02T10:58:24.599] [DEBUG] default - Registering handlers
[2022-01-02T10:58:25.233] [DEBUG] default - Client is ready
[2022-01-02T11:00:09.928] [DEBUG] default - Registering handlers
[2022-01-02T11:00:10.489] [DEBUG] default - Client is ready
[2022-01-02T11:01:11.961] [DEBUG] default - Registering handlers
[2022-01-02T11:01:12.699] [DEBUG] default - Client is ready
[2022-01-02T11:01:14.138] [DEBUG] default - Handling command: "!help"
[2022-01-02T11:01:14.139] [DEBUG] default - Handler not found
[2022-01-02T11:04:08.422] [DEBUG] default - Registering handlers
[2022-01-02T11:04:08.988] [DEBUG] default - Client is ready
[2022-01-02T11:05:05.048] [DEBUG] default - Registering handlers
[2022-01-02T11:05:05.617] [DEBUG] default - Client is ready
[2022-01-02T11:05:08.929] [DEBUG] default - Handling command: "!help"
[2022-01-02T11:05:08.930] [DEBUG] default - Handler found: HelpHandler
[2022-01-02T11:05:45.170] [DEBUG] default - Registering handlers
[2022-01-02T11:05:45.747] [DEBUG] default - Client is ready
[2022-01-02T11:07:10.634] [DEBUG] default - Registering handlers
[2022-01-02T11:07:11.236] [DEBUG] default - Client is ready
[2022-01-02T11:07:49.336] [DEBUG] default - Creating instance of Function
[2022-01-02T11:07:49.338] [DEBUG] default - Creating instance of Function
[2022-01-02T11:07:49.383] [DEBUG] default - Registering handlers
[2022-01-02T11:07:49.931] [DEBUG] default - Client is ready
[2022-01-02T11:09:39.349] [DEBUG] default - Registering handlers
[2022-01-02T11:09:39.959] [DEBUG] default - Client is ready
[2022-01-02T11:13:21.337] [DEBUG] default - Registering handlers
[2022-01-02T11:13:21.901] [DEBUG] default - Client is ready
[2022-01-02T11:13:51.410] [DEBUG] default - Handler registered: PingHandler
[2022-01-02T11:13:51.412] [DEBUG] default - Handler registered: HelpHandler
[2022-01-02T11:13:51.412] [DEBUG] default - Registering handlers
[2022-01-02T11:13:52.050] [DEBUG] default - Client is ready
[2022-01-02T11:14:05.600] [DEBUG] default - Handler registered: PingHandler
[2022-01-02T11:14:05.602] [DEBUG] default - Handler registered: HelpHandler
[2022-01-02T11:14:05.602] [DEBUG] default - Handler registered: AddCoinsHandler
[2022-01-02T11:14:05.602] [DEBUG] default - Handler registered: CoinsHandler
[2022-01-02T11:14:05.603] [DEBUG] default - Registering handlers
[2022-01-02T11:14:06.229] [DEBUG] default - Client is ready
[2022-01-02T11:14:14.594] [DEBUG] default - Handling command: "!add_coins Czarny 100"
[2022-01-02T11:14:14.594] [DEBUG] default - Handler matched: AddCoinsHandler
[2022-01-02T11:16:38.247] [DEBUG] default - Handler registered: PingHandler
[2022-01-02T11:16:38.249] [DEBUG] default - Handler registered: HelpHandler
[2022-01-02T11:16:38.249] [DEBUG] default - Handler registered: AddCoinsHandler
[2022-01-02T11:16:38.249] [DEBUG] default - Handler registered: CoinsHandler
[2022-01-02T11:16:38.251] [DEBUG] default - Registering handlers
[2022-01-02T11:16:38.834] [DEBUG] default - Client is ready
[2022-01-02T11:16:47.006] [DEBUG] default - Handling command: "!add_coins Czarny 100"
[2022-01-02T11:16:47.007] [DEBUG] default - Handler matched: AddCoinsHandler
[2022-01-02T11:20:36.729] [DEBUG] default - Handler registered: PingHandler
[2022-01-02T11:20:36.731] [DEBUG] default - Handler registered: HelpHandler
[2022-01-02T11:20:36.731] [DEBUG] default - Handler registered: AddCoinsHandler
[2022-01-02T11:20:36.731] [DEBUG] default - Handler registered: CoinsHandler
[2022-01-02T11:20:36.732] [DEBUG] default - Registering handlers
[2022-01-02T11:20:37.400] [DEBUG] default - Client is ready
[2022-01-02T11:20:42.832] [DEBUG] default - Handling command: "!add_coins Czarny 100"
[2022-01-02T11:20:42.833] [DEBUG] default - Handler matched: AddCoinsHandler
[2022-01-02T11:20:59.919] [DEBUG] default - Handler registered: PingHandler
[2022-01-02T11:20:59.921] [DEBUG] default - Handler registered: HelpHandler
[2022-01-02T11:20:59.921] [DEBUG] default - Handler registered: AddCoinsHandler
[2022-01-02T11:20:59.922] [DEBUG] default - Handler registered: CoinsHandler
[2022-01-02T11:20:59.922] [DEBUG] default - Registering handlers
[2022-01-02T11:21:00.563] [DEBUG] default - Client is ready
[2022-01-02T11:21:02.054] [DEBUG] default - Handling command: "!add_coins Czarny 100"
[2022-01-02T11:21:02.054] [DEBUG] default - Handler matched: AddCoinsHandler
[2022-01-02T11:23:09.491] [DEBUG] default - Handler registered: PingHandler
[2022-01-02T11:23:09.494] [DEBUG] default - Handler registered: HelpHandler
[2022-01-02T11:23:09.494] [DEBUG] default - Handler registered: AddCoinsHandler
[2022-01-02T11:23:09.494] [DEBUG] default - Handler registered: CoinsHandler
[2022-01-02T11:23:09.495] [DEBUG] default - Registering handlers
[2022-01-02T11:23:10.133] [DEBUG] default - Client is ready
[2022-01-02T11:23:16.159] [DEBUG] default - Handling command: "!coins"
[2022-01-02T11:23:16.159] [DEBUG] default - Handler matched: CoinsHandler
[2022-01-02T11:24:50.809] [DEBUG] default - Handler registered: PingHandler
[2022-01-02T11:24:50.812] [DEBUG] default - Handler registered: HelpHandler
[2022-01-02T11:24:50.812] [DEBUG] default - Handler registered: AddCoinsHandler
[2022-01-02T11:24:50.812] [DEBUG] default - Handler registered: CoinsHandler
[2022-01-02T11:24:50.813] [DEBUG] default - Registering handlers
[2022-01-02T11:24:51.438] [DEBUG] default - Client is ready
[2022-01-02T11:24:53.036] [DEBUG] default - Handling command: "!add_coins Czarny 100"
[2022-01-02T11:27:42.915] [DEBUG] default - Handler registered: PingHandler
[2022-01-02T11:27:42.917] [DEBUG] default - Handler registered: HelpHandler
[2022-01-02T11:27:42.918] [DEBUG] default - Handler registered: AddCoinsHandler
[2022-01-02T11:27:42.918] [DEBUG] default - Handler registered: CoinsHandler
[2022-01-02T11:27:42.919] [DEBUG] default - Registering handlers
[2022-01-02T11:27:43.509] [DEBUG] default - Client is ready
[2022-01-02T11:27:51.260] [DEBUG] default - Handling command: "!add_coins <@!300683903679856650> 100"
[2022-01-02T11:27:51.261] [DEBUG] default - Handler not found
[2022-01-02T11:29:08.393] [DEBUG] default - Handler registered: PingHandler
[2022-01-02T11:29:08.395] [DEBUG] default - Handler registered: HelpHandler
[2022-01-02T11:29:08.396] [DEBUG] default - Handler registered: AddCoinsHandler
[2022-01-02T11:29:08.396] [DEBUG] default - Handler registered: CoinsHandler
[2022-01-02T11:29:08.396] [DEBUG] default - Registering handlers
[2022-01-02T11:29:08.999] [DEBUG] default - Client is ready
[2022-01-02T11:29:13.153] [DEBUG] default - Handling command: "!add_coins <@!300683903679856650> 100"
[2022-01-02T11:29:13.153] [DEBUG] default - Handler matched: AddCoinsHandler
[2022-01-02T11:29:36.638] [DEBUG] default - Handler registered: PingHandler
[2022-01-02T11:29:36.640] [DEBUG] default - Handler registered: HelpHandler
[2022-01-02T11:29:36.641] [DEBUG] default - Handler registered: AddCoinsHandler
[2022-01-02T11:29:36.641] [DEBUG] default - Handler registered: CoinsHandler
[2022-01-02T11:29:36.642] [DEBUG] default - Registering handlers
[2022-01-02T11:29:37.282] [DEBUG] default - Client is ready
[2022-01-02T11:29:39.823] [DEBUG] default - Handling command: "!add_coins <@!300683903679856650> 100"
[2022-01-02T11:29:39.823] [DEBUG] default - Handler matched: AddCoinsHandler
[2022-01-02T11:31:28.448] [DEBUG] default - Handling command: "!add_coins <@!927111436172427294> 100"
[2022-01-02T11:31:28.449] [DEBUG] default - Handler matched: AddCoinsHandler
[2022-01-02T11:31:42.346] [DEBUG] default - Handling command: "!coins"
[2022-01-02T11:31:42.347] [DEBUG] default - Handler matched: CoinsHandler
[2022-01-02T11:33:57.086] [DEBUG] default - Handler registered: PingHandler
[2022-01-02T11:33:57.088] [DEBUG] default - Handler registered: HelpHandler
[2022-01-02T11:33:57.089] [DEBUG] default - Handler registered: AddCoinsHandler
[2022-01-02T11:33:57.089] [DEBUG] default - Handler registered: CoinsHandler
[2022-01-02T11:33:57.089] [DEBUG] default - Registering handlers
[2022-01-02T11:33:57.746] [DEBUG] default - Client is ready
[2022-01-02T11:34:07.399] [DEBUG] default - Handling command: "!remove_coins <@!927111436172427294> 100"
[2022-01-02T11:34:07.399] [DEBUG] default - Handler not found
[2022-01-02T13:13:47.321] [DEBUG] default - Handler registered: PingHandler
[2022-01-02T13:13:47.322] [DEBUG] default - Handler registered: HelpHandler
[2022-01-02T13:13:47.323] [DEBUG] default - Handler registered: RemoveCoinsHandler
[2022-01-02T13:13:47.323] [DEBUG] default - Handler registered: AddCoinsHandler
[2022-01-02T13:13:47.323] [DEBUG] default - Handler registered: CoinsHandler
[2022-01-02T13:13:47.323] [DEBUG] default - Registering handlers
[2022-01-02T13:13:47.949] [DEBUG] default - Client is ready
[2022-01-02T13:13:54.034] [DEBUG] default - Handling command: "!help"
[2022-01-02T13:15:56.303] [DEBUG] default - Handler registered: PingHandler
[2022-01-02T13:15:56.305] [DEBUG] default - Handler registered: HelpHandler
[2022-01-02T13:15:56.305] [DEBUG] default - Handler registered: RemoveCoinsHandler
[2022-01-02T13:15:56.306] [DEBUG] default - Handler registered: AddCoinsHandler
[2022-01-02T13:15:56.306] [DEBUG] default - Handler registered: CoinsHandler
[2022-01-02T13:15:56.306] [DEBUG] default - Registering handlers
[2022-01-02T13:15:56.921] [DEBUG] default - Client is ready
[2022-01-02T13:15:57.297] [DEBUG] default - Handling command: "!help"
[2022-01-02T13:16:36.791] [DEBUG] default - Handler registered: PingHandler
[2022-01-02T13:16:36.793] [DEBUG] default - Handler registered: HelpHandler
[2022-01-02T13:16:36.794] [DEBUG] default - Handler registered: RemoveCoinsHandler
[2022-01-02T13:16:36.794] [DEBUG] default - Handler registered: AddCoinsHandler
[2022-01-02T13:16:36.794] [DEBUG] default - Handler registered: CoinsHandler
[2022-01-02T13:16:36.795] [DEBUG] default - Registering handlers
[2022-01-02T13:16:37.501] [DEBUG] default - Client is ready
[2022-01-02T13:16:39.357] [DEBUG] default - Handling command: "!help"
[2022-01-02T13:16:39.357] [DEBUG] default - Handler matched: HelpHandler
[2022-01-02T13:16:51.305] [DEBUG] default - Handling command: "!Iojdoiweqjdi"
[2022-01-02T13:16:51.306] [DEBUG] default - Handler not found
[2022-01-02T13:18:30.948] [DEBUG] default - Handler registered: PingHandler
[2022-01-02T13:18:30.950] [DEBUG] default - Handler registered: HelpHandler
[2022-01-02T13:18:30.950] [DEBUG] default - Handler registered: RemoveCoinsHandler
[2022-01-02T13:18:30.950] [DEBUG] default - Handler registered: AddCoinsHandler
[2022-01-02T13:18:30.950] [DEBUG] default - Handler registered: CoinsHandler
[2022-01-02T13:18:30.951] [DEBUG] default - Registering handlers
[2022-01-02T13:18:31.516] [DEBUG] default - Client is ready
[2022-01-02T13:18:53.969] [DEBUG] default - Handler registered: PingHandler
[2022-01-02T13:18:53.971] [DEBUG] default - Handler registered: HelpHandler
[2022-01-02T13:18:53.972] [DEBUG] default - Handler registered: RemoveCoinsHandler
[2022-01-02T13:18:53.972] [DEBUG] default - Handler registered: AddCoinsHandler
[2022-01-02T13:18:53.972] [DEBUG] default - Handler registered: CoinsHandler
[2022-01-02T13:18:53.973] [DEBUG] default - Registering handlers
[2022-01-02T13:18:54.630] [DEBUG] default - Client is ready
[2022-01-02T13:18:55.172] [DEBUG] default - Handling command: "!coins"
[2022-01-02T13:18:55.173] [DEBUG] default - Handler matched: CoinsHandler
[2022-01-02T13:19:36.026] [DEBUG] default - Handler registered: PingHandler
[2022-01-02T13:19:36.028] [DEBUG] default - Handler registered: HelpHandler
[2022-01-02T13:19:36.029] [DEBUG] default - Handler registered: RemoveCoinsHandler
[2022-01-02T13:19:36.029] [DEBUG] default - Handler registered: AddCoinsHandler
[2022-01-02T13:19:36.029] [DEBUG] default - Handler registered: CoinsHandler
[2022-01-02T13:19:36.030] [DEBUG] default - Registering handlers
[2022-01-02T13:19:36.667] [DEBUG] default - Client is ready
[2022-01-02T13:19:44.320] [DEBUG] default - Handling command: "!add_coins <@!300683903679856650> 10"
[2022-01-02T13:19:44.320] [DEBUG] default - Handler matched: AddCoinsHandler
[2022-01-02T13:19:47.556] [DEBUG] default - Handling command: "!coins"
[2022-01-02T13:19:47.556] [DEBUG] default - Handler matched: CoinsHandler
[2022-01-02T13:23:21.146] [DEBUG] default - Handling command: "!coins <@!300683903679856650>"
[2022-01-02T13:23:21.147] [DEBUG] default - Handler not found
[2022-01-02T13:24:46.026] [DEBUG] default - Handler registered: PingHandler
[2022-01-02T13:24:46.028] [DEBUG] default - Handler registered: HelpHandler
[2022-01-02T13:24:46.028] [DEBUG] default - Handler registered: RemoveCoinsHandler
[2022-01-02T13:24:46.028] [DEBUG] default - Handler registered: AddCoinsHandler
[2022-01-02T13:24:46.029] [DEBUG] default - Handler registered: CoinsHandler
[2022-01-02T13:24:46.029] [DEBUG] default - Registering handlers
[2022-01-02T13:24:46.608] [DEBUG] default - Client is ready
[2022-01-02T13:24:49.321] [DEBUG] default - Handling command: "!coins <@!300683903679856650>"
[2022-01-02T13:24:49.322] [DEBUG] default - Handler not found
[2022-01-02T13:25:12.513] [DEBUG] default - Handler registered: PingHandler
[2022-01-02T13:25:12.515] [DEBUG] default - Handler registered: HelpHandler
[2022-01-02T13:25:12.515] [DEBUG] default - Handler registered: RemoveCoinsHandler
[2022-01-02T13:25:12.515] [DEBUG] default - Handler registered: AddCoinsHandler
[2022-01-02T13:25:12.516] [DEBUG] default - Handler registered: CoinsHandler
[2022-01-02T13:25:12.516] [DEBUG] default - Handler registered: UserCoinsHandler
[2022-01-02T13:25:12.516] [DEBUG] default - Registering handlers
[2022-01-02T13:25:13.111] [DEBUG] default - Client is ready
[2022-01-02T13:25:14.764] [DEBUG] default - Handling command: "!coins <@!300683903679856650>"
[2022-01-02T13:25:14.765] [DEBUG] default - Handler matched: UserCoinsHandler
[2022-01-02T13:25:23.572] [DEBUG] default - Handling command: "!coins <@!927111436172427294>"
[2022-01-02T13:25:23.572] [DEBUG] default - Handler matched: UserCoinsHandler
[2022-01-02T14:12:41.165] [DEBUG] default - Handler registered: PingHandler
[2022-01-02T14:12:41.167] [DEBUG] default - Handler registered: HelpHandler
[2022-01-02T14:12:41.168] [DEBUG] default - Handler registered: RemoveCoinsHandler
[2022-01-02T14:12:41.168] [DEBUG] default - Handler registered: AddCoinsHandler
[2022-01-02T14:12:41.168] [DEBUG] default - Handler registered: CoinsHandler
[2022-01-02T14:12:41.169] [DEBUG] default - Handler registered: UserCoinsHandler
[2022-01-02T14:12:41.169] [DEBUG] default - Registering handlers
[2022-01-02T14:12:41.767] [DEBUG] default - Client is ready
[2022-01-02T14:12:49.785] [DEBUG] default - Handling command: "!raid_list"
[2022-01-02T14:12:49.785] [DEBUG] default - Handler not found
[2022-01-02T14:13:00.893] [DEBUG] default - Handler registered: PingHandler
[2022-01-02T14:13:00.895] [DEBUG] default - Handler registered: HelpHandler
[2022-01-02T14:13:00.895] [DEBUG] default - Handler registered: RemoveCoinsHandler
[2022-01-02T14:13:00.896] [DEBUG] default - Handler registered: AddCoinsHandler
[2022-01-02T14:13:00.896] [DEBUG] default - Handler registered: CoinsHandler
[2022-01-02T14:13:00.896] [DEBUG] default - Handler registered: UserCoinsHandler
[2022-01-02T14:13:00.897] [DEBUG] default - Handler registered: RaidListHandler
[2022-01-02T14:13:00.897] [DEBUG] default - Registering handlers
[2022-01-02T14:13:01.995] [DEBUG] default - Client is ready
[2022-01-02T14:13:09.253] [DEBUG] default - Handling command: "!raid_list"
[2022-01-02T14:13:09.254] [DEBUG] default - Handler matched: RaidListHandler
[2022-01-02T14:16:34.626] [DEBUG] default - Handler registered: PingHandler
[2022-01-02T14:16:34.628] [DEBUG] default - Handler registered: HelpHandler
[2022-01-02T14:16:34.629] [DEBUG] default - Handler registered: RemoveCoinsHandler
[2022-01-02T14:16:34.629] [DEBUG] default - Handler registered: AddCoinsHandler
[2022-01-02T14:16:34.629] [DEBUG] default - Handler registered: CoinsHandler
[2022-01-02T14:16:34.630] [DEBUG] default - Handler registered: UserCoinsHandler
[2022-01-02T14:16:34.630] [DEBUG] default - Handler registered: RaidListHandler
[2022-01-02T14:16:34.630] [DEBUG] default - Handler registered: BossListHandler
[2022-01-02T14:16:34.631] [DEBUG] default - Registering handlers
[2022-01-02T14:16:35.273] [DEBUG] default - Client is ready
[2022-01-02T14:16:38.871] [DEBUG] default - Handling command: "!raid_boss Naxxramas"
[2022-01-02T14:16:38.872] [DEBUG] default - Handler matched: BossListHandler
[2022-01-02T14:17:38.306] [DEBUG] default - Handler registered: PingHandler
[2022-01-02T14:17:38.309] [DEBUG] default - Handler registered: HelpHandler
[2022-01-02T14:17:38.309] [DEBUG] default - Handler registered: RemoveCoinsHandler
[2022-01-02T14:17:38.309] [DEBUG] default - Handler registered: AddCoinsHandler
[2022-01-02T14:17:38.310] [DEBUG] default - Handler registered: CoinsHandler
[2022-01-02T14:17:38.310] [DEBUG] default - Handler registered: UserCoinsHandler
[2022-01-02T14:17:38.311] [DEBUG] default - Handler registered: RaidListHandler
[2022-01-02T14:17:38.311] [DEBUG] default - Handler registered: BossListHandler
[2022-01-02T14:17:38.312] [DEBUG] default - Registering handlers
[2022-01-02T14:17:38.921] [DEBUG] default - Client is ready
[2022-01-02T14:17:40.030] [DEBUG] default - Handling command: "!raid_boss Naxxramas"
[2022-01-02T14:17:40.031] [DEBUG] default - Handler matched: BossListHandler
[2022-01-02T14:19:02.063] [DEBUG] default - Handler registered: PingHandler
[2022-01-02T14:19:02.065] [DEBUG] default - Handler registered: HelpHandler
[2022-01-02T14:19:02.066] [DEBUG] default - Handler registered: RemoveCoinsHandler
[2022-01-02T14:19:02.066] [DEBUG] default - Handler registered: AddCoinsHandler
[2022-01-02T14:19:02.066] [DEBUG] default - Handler registered: CoinsHandler
[2022-01-02T14:19:02.067] [DEBUG] default - Handler registered: UserCoinsHandler
[2022-01-02T14:19:02.067] [DEBUG] default - Handler registered: RaidListHandler
[2022-01-02T14:19:02.067] [DEBUG] default - Handler registered: BossListHandler
[2022-01-02T14:19:02.068] [DEBUG] default - Registering handlers
[2022-01-02T14:19:02.857] [DEBUG] default - Client is ready
[2022-01-02T14:19:05.054] [DEBUG] default - Handling command: "!raid_boss Naxxramas"
[2022-01-02T14:19:05.055] [DEBUG] default - Handler matched: BossListHandler
[2022-01-02T14:19:17.616] [DEBUG] default - Handler registered: PingHandler
[2022-01-02T14:19:17.618] [DEBUG] default - Handler registered: HelpHandler
[2022-01-02T14:19:17.619] [DEBUG] default - Handler registered: RemoveCoinsHandler
[2022-01-02T14:19:17.619] [DEBUG] default - Handler registered: AddCoinsHandler
[2022-01-02T14:19:17.619] [DEBUG] default - Handler registered: CoinsHandler
[2022-01-02T14:19:17.620] [DEBUG] default - Handler registered: UserCoinsHandler
[2022-01-02T14:19:17.620] [DEBUG] default - Handler registered: RaidListHandler
[2022-01-02T14:19:17.621] [DEBUG] default - Handler registered: BossListHandler
[2022-01-02T14:19:17.621] [DEBUG] default - Registering handlers
[2022-01-02T14:19:18.224] [DEBUG] default - Client is ready
[2022-01-02T14:19:19.651] [DEBUG] default - Handling command: "!raid_boss Naxxramas"
[2022-01-02T14:19:19.651] [DEBUG] default - Handler matched: BossListHandler
[2022-01-02T14:42:45.803] [DEBUG] default - Handler registered: PingHandler
[2022-01-02T14:42:45.805] [DEBUG] default - Handler registered: HelpHandler
[2022-01-02T14:42:45.805] [DEBUG] default - Handler registered: RemoveCoinsHandler
[2022-01-02T14:42:45.805] [DEBUG] default - Handler registered: AddCoinsHandler
[2022-01-02T14:42:45.806] [DEBUG] default - Handler registered: CoinsHandler
[2022-01-02T14:42:45.806] [DEBUG] default - Handler registered: UserCoinsHandler
[2022-01-02T14:42:45.806] [DEBUG] default - Handler registered: RaidListHandler
[2022-01-02T14:42:45.806] [DEBUG] default - Handler registered: BossListHandler
[2022-01-02T14:42:45.807] [DEBUG] default - Handler registered: StartBetHandler
[2022-01-02T14:42:45.807] [DEBUG] default - Registering handlers
[2022-01-02T14:42:46.446] [DEBUG] default - Client is ready
[2022-01-02T14:42:51.936] [DEBUG] default - Handling command: "!start_bet Naxxramas Anub'Rekhan"
[2022-01-02T14:43:07.649] [DEBUG] default - Handler registered: PingHandler
[2022-01-02T14:43:07.651] [DEBUG] default - Handler registered: HelpHandler
[2022-01-02T14:43:07.652] [DEBUG] default - Handler registered: RemoveCoinsHandler
[2022-01-02T14:43:07.652] [DEBUG] default - Handler registered: AddCoinsHandler
[2022-01-02T14:43:07.652] [DEBUG] default - Handler registered: CoinsHandler
[2022-01-02T14:43:07.653] [DEBUG] default - Handler registered: UserCoinsHandler
[2022-01-02T14:43:07.653] [DEBUG] default - Handler registered: RaidListHandler
[2022-01-02T14:43:07.653] [DEBUG] default - Handler registered: BossListHandler
[2022-01-02T14:43:07.653] [DEBUG] default - Handler registered: StartBetHandler
[2022-01-02T14:43:07.654] [DEBUG] default - Registering handlers
[2022-01-02T14:43:08.399] [DEBUG] default - Client is ready
[2022-01-02T14:43:10.271] [DEBUG] default - Handling command: "!start_bet Naxxramas Anub'Rekhan"
[2022-01-02T14:43:10.271] [DEBUG] default - Handler matched: StartBetHandler
[2022-01-02T14:43:42.837] [DEBUG] default - Handler registered: PingHandler
[2022-01-02T14:43:42.839] [DEBUG] default - Handler registered: HelpHandler
[2022-01-02T14:43:42.839] [DEBUG] default - Handler registered: RemoveCoinsHandler
[2022-01-02T14:43:42.839] [DEBUG] default - Handler registered: AddCoinsHandler
[2022-01-02T14:43:42.840] [DEBUG] default - Handler registered: CoinsHandler
[2022-01-02T14:43:42.840] [DEBUG] default - Handler registered: UserCoinsHandler
[2022-01-02T14:43:42.841] [DEBUG] default - Handler registered: RaidListHandler
[2022-01-02T14:43:42.841] [DEBUG] default - Handler registered: BossListHandler
[2022-01-02T14:43:42.841] [DEBUG] default - Handler registered: StartBetHandler
[2022-01-02T14:43:42.842] [DEBUG] default - Registering handlers
[2022-01-02T14:43:43.455] [DEBUG] default - Client is ready
[2022-01-02T14:43:45.295] [DEBUG] default - Handling command: "!start_bet Naxxramas Anub'Rekhan"
[2022-01-02T14:43:45.296] [DEBUG] default - Handler matched: StartBetHandler
[2022-01-02T14:43:48.381] [DEBUG] default - Handling command: "!start_bet Naxxramas Anub'Rekhan"
[2022-01-02T14:44:59.746] [DEBUG] default - Handler registered: PingHandler
[2022-01-02T14:44:59.748] [DEBUG] default - Handler registered: HelpHandler
[2022-01-02T14:44:59.748] [DEBUG] default - Handler registered: RemoveCoinsHandler
[2022-01-02T14:44:59.749] [DEBUG] default - Handler registered: AddCoinsHandler
[2022-01-02T14:44:59.749] [DEBUG] default - Handler registered: CoinsHandler
[2022-01-02T14:44:59.749] [DEBUG] default - Handler registered: UserCoinsHandler
[2022-01-02T14:44:59.750] [DEBUG] default - Handler registered: RaidListHandler
[2022-01-02T14:44:59.750] [DEBUG] default - Handler registered: BossListHandler
[2022-01-02T14:44:59.750] [DEBUG] default - Handler registered: StartBetHandler
[2022-01-02T14:44:59.751] [DEBUG] default - Registering handlers
[2022-01-02T14:45:00.350] [DEBUG] default - Client is ready
[2022-01-02T14:45:05.752] [DEBUG] default - Handling command: "!start_bet Naxxramas Anub'Rekhan"
[2022-01-02T14:45:05.753] [DEBUG] default - Handler matched: StartBetHandler
[2022-01-02T14:46:34.329] [DEBUG] default - Handler registered: PingHandler
[2022-01-02T14:46:34.331] [DEBUG] default - Handler registered: HelpHandler
[2022-01-02T14:46:34.331] [DEBUG] default - Handler registered: RemoveCoinsHandler
[2022-01-02T14:46:34.332] [DEBUG] default - Handler registered: AddCoinsHandler
[2022-01-02T14:46:34.332] [DEBUG] default - Handler registered: CoinsHandler
[2022-01-02T14:46:34.333] [DEBUG] default - Handler registered: UserCoinsHandler
[2022-01-02T14:46:34.333] [DEBUG] default - Handler registered: RaidListHandler
[2022-01-02T14:46:34.333] [DEBUG] default - Handler registered: BossListHandler
[2022-01-02T14:46:34.334] [DEBUG] default - Handler registered: StartBetHandler
[2022-01-02T14:46:34.334] [DEBUG] default - Registering handlers
[2022-01-02T14:46:34.963] [DEBUG] default - Client is ready
[2022-01-02T14:46:37.279] [DEBUG] default - Handling command: "!start_bet Naxxramas 10 Anub'Rekhan"
[2022-01-02T14:46:37.279] [DEBUG] default - Handler matched: StartBetHandler
[2022-01-02T14:46:51.369] [DEBUG] default - Handler registered: PingHandler
[2022-01-02T14:46:51.372] [DEBUG] default - Handler registered: HelpHandler
[2022-01-02T14:46:51.372] [DEBUG] default - Handler registered: RemoveCoinsHandler
[2022-01-02T14:46:51.372] [DEBUG] default - Handler registered: AddCoinsHandler
[2022-01-02T14:46:51.373] [DEBUG] default - Handler registered: CoinsHandler
[2022-01-02T14:46:51.373] [DEBUG] default - Handler registered: UserCoinsHandler
[2022-01-02T14:46:51.373] [DEBUG] default - Handler registered: RaidListHandler
[2022-01-02T14:46:51.374] [DEBUG] default - Handler registered: BossListHandler
[2022-01-02T14:46:51.374] [DEBUG] default - Handler registered: StartBetHandler
[2022-01-02T14:46:51.374] [DEBUG] default - Registering handlers
[2022-01-02T14:46:52.034] [DEBUG] default - Client is ready
[2022-01-02T14:46:53.947] [DEBUG] default - Handling command: "!start_bet Naxxramas Anub'Rekhan"
[2022-01-02T14:46:53.947] [DEBUG] default - Handler not found
[2022-01-02T14:46:59.945] [DEBUG] default - Handling command: "!start_bet Naxxramas 10 Anub'Rekhan"
[2022-01-02T14:46:59.945] [DEBUG] default - Handler matched: StartBetHandler
[2022-01-02T14:47:49.689] [DEBUG] default - Handler registered: PingHandler
[2022-01-02T14:47:49.691] [DEBUG] default - Handler registered: HelpHandler
[2022-01-02T14:47:49.691] [DEBUG] default - Handler registered: RemoveCoinsHandler
[2022-01-02T14:47:49.691] [DEBUG] default - Handler registered: AddCoinsHandler
[2022-01-02T14:47:49.692] [DEBUG] default - Handler registered: CoinsHandler
[2022-01-02T14:47:49.692] [DEBUG] default - Handler registered: UserCoinsHandler
[2022-01-02T14:47:49.692] [DEBUG] default - Handler registered: RaidListHandler
[2022-01-02T14:47:49.692] [DEBUG] default - Handler registered: BossListHandler
[2022-01-02T14:47:49.693] [DEBUG] default - Handler registered: StartBetHandler
[2022-01-02T14:47:49.693] [DEBUG] default - Registering handlers
[2022-01-02T14:47:50.344] [DEBUG] default - Client is ready
[2022-01-02T14:47:52.578] [DEBUG] default - Handling command: "!start_bet Naxxramas 10 Anub'Rekhan"
[2022-01-02T14:47:52.579] [DEBUG] default - Handler matched: StartBetHandler
[2022-01-02T14:48:09.102] [DEBUG] default - Handler registered: PingHandler
[2022-01-02T14:48:09.104] [DEBUG] default - Handler registered: HelpHandler
[2022-01-02T14:48:09.104] [DEBUG] default - Handler registered: RemoveCoinsHandler
[2022-01-02T14:48:09.104] [DEBUG] default - Handler registered: AddCoinsHandler
[2022-01-02T14:48:09.105] [DEBUG] default - Handler registered: CoinsHandler
[2022-01-02T14:48:09.105] [DEBUG] default - Handler registered: UserCoinsHandler
[2022-01-02T14:48:09.106] [DEBUG] default - Handler registered: RaidListHandler
[2022-01-02T14:48:09.106] [DEBUG] default - Handler registered: BossListHandler
[2022-01-02T14:48:09.106] [DEBUG] default - Handler registered: StartBetHandler
[2022-01-02T14:48:09.107] [DEBUG] default - Registering handlers
[2022-01-02T14:48:09.674] [DEBUG] default - Client is ready
[2022-01-02T14:48:11.211] [DEBUG] default - Handling command: "!start_bet Naxxramas 10 Anub'Rekhan"
[2022-01-02T14:48:11.211] [DEBUG] default - Handler matched: StartBetHandler
[2022-01-02T14:48:22.332] [DEBUG] default - Handler registered: PingHandler
[2022-01-02T14:48:22.334] [DEBUG] default - Handler registered: HelpHandler
[2022-01-02T14:48:22.334] [DEBUG] default - Handler registered: RemoveCoinsHandler
[2022-01-02T14:48:22.334] [DEBUG] default - Handler registered: AddCoinsHandler
[2022-01-02T14:48:22.335] [DEBUG] default - Handler registered: CoinsHandler
[2022-01-02T14:48:22.335] [DEBUG] default - Handler registered: UserCoinsHandler
[2022-01-02T14:48:22.335] [DEBUG] default - Handler registered: RaidListHandler
[2022-01-02T14:48:22.336] [DEBUG] default - Handler registered: BossListHandler
[2022-01-02T14:48:22.336] [DEBUG] default - Handler registered: StartBetHandler
[2022-01-02T14:48:22.336] [DEBUG] default - Registering handlers
[2022-01-02T14:48:22.920] [DEBUG] default - Client is ready
[2022-01-02T14:48:27.504] [DEBUG] default - Handling command: "!start_bet Naxxramas 10 Anub'Rekhan"
[2022-01-02T14:48:27.504] [DEBUG] default - Handler matched: StartBetHandler
[2022-01-02T14:48:29.353] [DEBUG] default - Handling command: "!start_bet Naxxramas 10 Anub'Rekhan"
[2022-01-02T14:48:29.354] [DEBUG] default - Handler matched: StartBetHandler
[2022-01-02T14:50:27.021] [DEBUG] default - Handler registered: PingHandler
[2022-01-02T14:50:27.024] [DEBUG] default - Handler registered: HelpHandler
[2022-01-02T14:50:27.024] [DEBUG] default - Handler registered: RemoveCoinsHandler
[2022-01-02T14:50:27.024] [DEBUG] default - Handler registered: AddCoinsHandler
[2022-01-02T14:50:27.024] [DEBUG] default - Handler registered: CoinsHandler
[2022-01-02T14:50:27.025] [DEBUG] default - Handler registered: UserCoinsHandler
[2022-01-02T14:50:27.025] [DEBUG] default - Handler registered: RaidListHandler
[2022-01-02T14:50:27.025] [DEBUG] default - Handler registered: BossListHandler
[2022-01-02T14:50:27.026] [DEBUG] default - Handler registered: StartBetHandler
[2022-01-02T14:50:27.026] [DEBUG] default - Registering handlers
[2022-01-02T14:50:27.624] [DEBUG] default - Client is ready
[2022-01-02T14:50:28.889] [DEBUG] default - Handling command: "!start_bet Naxxramas 10 Anub'Rekhan"
[2022-01-02T14:50:28.889] [DEBUG] default - Handler matched: StartBetHandler
[2022-01-02T14:50:31.281] [DEBUG] default - Handling command: "!start_bet Naxxramas 10 Anub'Rekhan"
[2022-01-02T14:50:31.281] [DEBUG] default - Handler matched: StartBetHandler
[2022-01-02T14:50:45.402] [DEBUG] default - Handler registered: PingHandler
[2022-01-02T14:50:45.404] [DEBUG] default - Handler registered: HelpHandler
[2022-01-02T14:50:45.404] [DEBUG] default - Handler registered: RemoveCoinsHandler
[2022-01-02T14:50:45.404] [DEBUG] default - Handler registered: AddCoinsHandler
[2022-01-02T14:50:45.405] [DEBUG] default - Handler registered: CoinsHandler
[2022-01-02T14:50:45.405] [DEBUG] default - Handler registered: UserCoinsHandler
[2022-01-02T14:50:45.405] [DEBUG] default - Handler registered: RaidListHandler
[2022-01-02T14:50:45.406] [DEBUG] default - Handler registered: BossListHandler
[2022-01-02T14:50:45.406] [DEBUG] default - Handler registered: StartBetHandler
[2022-01-02T14:50:45.406] [DEBUG] default - Registering handlers
[2022-01-02T14:50:45.959] [DEBUG] default - Client is ready
[2022-01-02T14:50:48.272] [DEBUG] default - Handling command: "!start_bet Naxxramas 10 Anub'Rekhan"
[2022-01-02T14:50:48.273] [DEBUG] default - Handler matched: StartBetHandler
[2022-01-02T14:50:49.477] [DEBUG] default - Handling command: "!start_bet Naxxramas 10 Anub'Rekhan"
[2022-01-02T14:50:49.478] [DEBUG] default - Handler matched: StartBetHandler
[2022-01-02T14:52:37.118] [DEBUG] default - Handler registered: PingHandler
[2022-01-02T14:52:37.121] [DEBUG] default - Handler registered: HelpHandler
[2022-01-02T14:52:37.121] [DEBUG] default - Handler registered: RemoveCoinsHandler
[2022-01-02T14:52:37.121] [DEBUG] default - Handler registered: AddCoinsHandler
[2022-01-02T14:52:37.121] [DEBUG] default - Handler registered: CoinsHandler
[2022-01-02T14:52:37.122] [DEBUG] default - Handler registered: UserCoinsHandler
[2022-01-02T14:52:37.122] [DEBUG] default - Handler registered: RaidListHandler
[2022-01-02T14:52:37.122] [DEBUG] default - Handler registered: BossListHandler
[2022-01-02T14:52:37.123] [DEBUG] default - Handler registered: StartBetHandler
[2022-01-02T14:52:37.123] [DEBUG] default - Registering handlers
[2022-01-02T14:52:37.708] [DEBUG] default - Client is ready
[2022-01-02T14:52:40.299] [DEBUG] default - Handling command: "!start_bet Naxxramas 10 Anub'Rekhan"
[2022-01-02T14:52:40.300] [DEBUG] default - Handler matched: StartBetHandler
[2022-01-02T14:52:42.601] [DEBUG] default - Handling command: "!start_bet Naxxramas 10 Anub'Rekhan"
[2022-01-02T14:52:42.602] [DEBUG] default - Handler matched: StartBetHandler
[2022-01-02T14:52:58.984] [DEBUG] default - Handler registered: PingHandler
[2022-01-02T14:52:58.986] [DEBUG] default - Handler registered: HelpHandler
[2022-01-02T14:52:58.986] [DEBUG] default - Handler registered: RemoveCoinsHandler
[2022-01-02T14:52:58.987] [DEBUG] default - Handler registered: AddCoinsHandler
[2022-01-02T14:52:58.987] [DEBUG] default - Handler registered: CoinsHandler
[2022-01-02T14:52:58.987] [DEBUG] default - Handler registered: UserCoinsHandler
[2022-01-02T14:52:58.988] [DEBUG] default - Handler registered: RaidListHandler
[2022-01-02T14:52:58.988] [DEBUG] default - Handler registered: BossListHandler
[2022-01-02T14:52:58.988] [DEBUG] default - Handler registered: StartBetHandler
[2022-01-02T14:52:58.989] [DEBUG] default - Registering handlers
[2022-01-02T14:52:59.687] [DEBUG] default - Client is ready
[2022-01-02T14:53:02.595] [DEBUG] default - Handling command: "!start_bet Naxxramas 10 Anub'Rekhan"
[2022-01-02T14:53:02.595] [DEBUG] default - Handler matched: StartBetHandler
[2022-01-02T14:53:59.015] [DEBUG] default - Handler registered: PingHandler
[2022-01-02T14:53:59.017] [DEBUG] default - Handler registered: HelpHandler
[2022-01-02T14:53:59.017] [DEBUG] default - Handler registered: RemoveCoinsHandler
[2022-01-02T14:53:59.017] [DEBUG] default - Handler registered: AddCoinsHandler
[2022-01-02T14:53:59.018] [DEBUG] default - Handler registered: CoinsHandler
[2022-01-02T14:53:59.018] [DEBUG] default - Handler registered: UserCoinsHandler
[2022-01-02T14:53:59.018] [DEBUG] default - Handler registered: RaidListHandler
[2022-01-02T14:53:59.019] [DEBUG] default - Handler registered: BossListHandler
[2022-01-02T14:53:59.019] [DEBUG] default - Handler registered: StartBetHandler
[2022-01-02T14:53:59.020] [DEBUG] default - Registering handlers
[2022-01-02T14:53:59.685] [DEBUG] default - Client is ready
[2022-01-02T14:54:02.031] [DEBUG] default - Handling command: "!start_bet Naxxramas 10 Anub'Rekhan"
[2022-01-02T14:54:02.031] [DEBUG] default - Handler matched: StartBetHandler
[2022-01-02T14:55:11.511] [DEBUG] default - Handler registered: PingHandler
[2022-01-02T14:55:11.513] [DEBUG] default - Handler registered: HelpHandler
[2022-01-02T14:55:11.513] [DEBUG] default - Handler registered: RemoveCoinsHandler
[2022-01-02T14:55:11.513] [DEBUG] default - Handler registered: AddCoinsHandler
[2022-01-02T14:55:11.514] [DEBUG] default - Handler registered: CoinsHandler
[2022-01-02T14:55:11.514] [DEBUG] default - Handler registered: UserCoinsHandler
[2022-01-02T14:55:11.514] [DEBUG] default - Handler registered: RaidListHandler
[2022-01-02T14:55:11.515] [DEBUG] default - Handler registered: BossListHandler
[2022-01-02T14:55:11.515] [DEBUG] default - Handler registered: StartBetHandler
[2022-01-02T14:55:11.515] [DEBUG] default - Registering handlers
[2022-01-02T14:55:12.134] [DEBUG] default - Client is ready
[2022-01-02T14:55:26.778] [DEBUG] default - Handling command: "!add_coins <@!300683903679856650> 100"
[2022-01-02T14:55:26.779] [DEBUG] default - Handler matched: AddCoinsHandler
[2022-01-02T14:55:59.014] [DEBUG] default - Handler registered: PingHandler
[2022-01-02T14:55:59.016] [DEBUG] default - Handler registered: HelpHandler
[2022-01-02T14:55:59.016] [DEBUG] default - Handler registered: RemoveCoinsHandler
[2022-01-02T14:55:59.017] [DEBUG] default - Handler registered: AddCoinsHandler
[2022-01-02T14:55:59.017] [DEBUG] default - Handler registered: CoinsHandler
[2022-01-02T14:55:59.017] [DEBUG] default - Handler registered: UserCoinsHandler
[2022-01-02T14:55:59.018] [DEBUG] default - Handler registered: RaidListHandler
[2022-01-02T14:55:59.018] [DEBUG] default - Handler registered: BossListHandler
[2022-01-02T14:55:59.018] [DEBUG] default - Handler registered: StartBetHandler
[2022-01-02T14:55:59.019] [DEBUG] default - Registering handlers
[2022-01-02T14:55:59.686] [DEBUG] default - Client is ready
[2022-01-02T14:56:01.764] [DEBUG] default - Handling command: "!add_coins <@!300683903679856650> 100"
[2022-01-02T14:56:01.764] [DEBUG] default - Handler matched: AddCoinsHandler
[2022-01-02T14:56:07.926] [DEBUG] default - Handling command: "!coins"
[2022-01-02T14:56:07.926] [DEBUG] default - Handler matched: CoinsHandler
[2022-01-02T14:58:47.426] [DEBUG] default - Handler registered: PingHandler
[2022-01-02T14:58:47.429] [DEBUG] default - Handler registered: HelpHandler
[2022-01-02T14:58:47.429] [DEBUG] default - Handler registered: RemoveCoinsHandler
[2022-01-02T14:58:47.429] [DEBUG] default - Handler registered: AddCoinsHandler
[2022-01-02T14:58:47.430] [DEBUG] default - Handler registered: CoinsHandler
[2022-01-02T14:58:47.430] [DEBUG] default - Handler registered: UserCoinsHandler
[2022-01-02T14:58:47.430] [DEBUG] default - Handler registered: RaidListHandler
[2022-01-02T14:58:47.431] [DEBUG] default - Handler registered: BossListHandler
[2022-01-02T14:58:47.431] [DEBUG] default - Handler registered: StartBetHandler
[2022-01-02T14:58:47.431] [DEBUG] default - Registering handlers
[2022-01-02T14:58:48.027] [DEBUG] default - Client is ready
[2022-01-02T14:58:52.403] [DEBUG] default - Handling command: "!start_bet Naxxramas 10 Anub'Rekhan"
[2022-01-02T14:58:52.404] [DEBUG] default - Handler matched: StartBetHandler
[2022-01-02T14:58:55.046] [DEBUG] default - Handling command: "!start_bet Naxxramas 10 Anub'Rekhan"
[2022-01-02T14:58:55.047] [DEBUG] default - Handler matched: StartBetHandler
[2022-01-02T14:59:01.654] [DEBUG] default - Handling command: "!cancel_bet"
[2022-01-02T14:59:01.655] [DEBUG] default - Handler not found
[2022-01-02T14:59:16.965] [DEBUG] default - Handler registered: PingHandler
[2022-01-02T14:59:16.967] [DEBUG] default - Handler registered: HelpHandler
[2022-01-02T14:59:16.967] [DEBUG] default - Handler registered: RemoveCoinsHandler
[2022-01-02T14:59:16.967] [DEBUG] default - Handler registered: AddCoinsHandler
[2022-01-02T14:59:16.968] [DEBUG] default - Handler registered: CoinsHandler
[2022-01-02T14:59:16.968] [DEBUG] default - Handler registered: UserCoinsHandler
[2022-01-02T14:59:16.969] [DEBUG] default - Handler registered: RaidListHandler
[2022-01-02T14:59:16.969] [DEBUG] default - Handler registered: BossListHandler
[2022-01-02T14:59:16.969] [DEBUG] default - Handler registered: StartBetHandler
[2022-01-02T14:59:16.970] [DEBUG] default - Handler registered: CancelBetHandler
[2022-01-02T14:59:16.970] [DEBUG] default - Registering handlers
[2022-01-02T14:59:17.559] [DEBUG] default - Client is ready
[2022-01-02T14:59:18.962] [DEBUG] default - Handling command: "!start_bet Naxxramas 10 Anub'Rekhan"
[2022-01-02T14:59:18.963] [DEBUG] default - Handler matched: StartBetHandler
[2022-01-02T14:59:22.847] [DEBUG] default - Handling command: "!start_bet Naxxramas 10 Anub'Rekhan"
[2022-01-02T14:59:22.847] [DEBUG] default - Handler matched: StartBetHandler
[2022-01-02T14:59:25.848] [DEBUG] default - Handling command: "!cancel_bet"
[2022-01-02T14:59:25.849] [DEBUG] default - Handler matched: CancelBetHandler
[2022-01-02T15:00:17.784] [DEBUG] default - Handler registered: PingHandler
[2022-01-02T15:00:17.787] [DEBUG] default - Handler registered: HelpHandler
[2022-01-02T15:00:17.787] [DEBUG] default - Handler registered: RemoveCoinsHandler
[2022-01-02T15:00:17.787] [DEBUG] default - Handler registered: AddCoinsHandler
[2022-01-02T15:00:17.788] [DEBUG] default - Handler registered: CoinsHandler
[2022-01-02T15:00:17.788] [DEBUG] default - Handler registered: UserCoinsHandler
[2022-01-02T15:00:17.789] [DEBUG] default - Handler registered: RaidListHandler
[2022-01-02T15:00:17.789] [DEBUG] default - Handler registered: BossListHandler
[2022-01-02T15:00:17.789] [DEBUG] default - Handler registered: StartBetHandler
[2022-01-02T15:00:17.790] [DEBUG] default - Handler registered: CancelBetHandler
[2022-01-02T15:00:17.790] [DEBUG] default - Registering handlers
[2022-01-02T15:00:18.547] [DEBUG] default - Client is ready
[2022-01-02T15:00:22.535] [DEBUG] default - Handling command: "!start_bet Naxxramas 10 Anub'Rekhan"
[2022-01-02T15:00:22.536] [DEBUG] default - Handler matched: StartBetHandler
[2022-01-02T15:00:25.453] [DEBUG] default - Handling command: "!cancel_bet"
[2022-01-02T15:00:25.454] [DEBUG] default - Handler matched: CancelBetHandler
[2022-01-02T15:00:28.452] [DEBUG] default - Handling command: "!start_bet Naxxramas 10 Anub'Rekhan"
[2022-01-02T15:00:28.453] [DEBUG] default - Handler matched: StartBetHandler
[2022-01-02T15:00:30.378] [DEBUG] default - Handling command: "!start_bet Naxxramas 10 Anub'Rekhan"
[2022-01-02T15:00:30.379] [DEBUG] default - Handler matched: StartBetHandler
[2022-01-02T15:00:32.766] [DEBUG] default - Handling command: "!cancel_bet"
[2022-01-02T15:00:32.767] [DEBUG] default - Handler matched: CancelBetHandler
[2022-01-02T15:00:36.715] [DEBUG] default - Handling command: "!cancel_bet"
[2022-01-02T15:00:36.715] [DEBUG] default - Handler matched: CancelBetHandler
[2022-01-02T15:01:07.146] [DEBUG] default - Handler registered: PingHandler
[2022-01-02T15:01:07.149] [DEBUG] default - Handler registered: HelpHandler
[2022-01-02T15:01:07.149] [DEBUG] default - Handler registered: RemoveCoinsHandler
[2022-01-02T15:01:07.150] [DEBUG] default - Handler registered: AddCoinsHandler
[2022-01-02T15:01:07.152] [DEBUG] default - Handler registered: CoinsHandler
[2022-01-02T15:01:07.153] [DEBUG] default - Handler registered: UserCoinsHandler
[2022-01-02T15:01:07.153] [DEBUG] default - Handler registered: RaidListHandler
[2022-01-02T15:01:07.154] [DEBUG] default - Handler registered: BossListHandler
[2022-01-02T15:01:07.154] [DEBUG] default - Handler registered: StartBetHandler
[2022-01-02T15:01:07.154] [DEBUG] default - Handler registered: CancelBetHandler
[2022-01-02T15:01:07.156] [DEBUG] default - Registering handlers
[2022-01-02T15:01:07.891] [DEBUG] default - Client is ready
[2022-01-02T15:01:11.935] [DEBUG] default - Handling command: "!start_bet Naxxramas 10 Anub'Rekhan"
[2022-01-02T15:01:11.936] [DEBUG] default - Handler matched: StartBetHandler
[2022-01-02T15:01:14.597] [DEBUG] default - Handling command: "!cancel_bet"
[2022-01-02T15:01:14.597] [DEBUG] default - Handler matched: CancelBetHandler
[2022-01-02T15:01:17.755] [DEBUG] default - Handling command: "!cancel_bet"
[2022-01-02T15:01:55.033] [DEBUG] default - Handler registered: PingHandler
[2022-01-02T15:01:55.036] [DEBUG] default - Handler registered: HelpHandler
[2022-01-02T15:01:55.036] [DEBUG] default - Handler registered: RemoveCoinsHandler
[2022-01-02T15:01:55.036] [DEBUG] default - Handler registered: AddCoinsHandler
[2022-01-02T15:01:55.037] [DEBUG] default - Handler registered: CoinsHandler
[2022-01-02T15:01:55.037] [DEBUG] default - Handler registered: UserCoinsHandler
[2022-01-02T15:01:55.037] [DEBUG] default - Handler registered: RaidListHandler
[2022-01-02T15:01:55.038] [DEBUG] default - Handler registered: BossListHandler
[2022-01-02T15:01:55.038] [DEBUG] default - Handler registered: StartBetHandler
[2022-01-02T15:01:55.038] [DEBUG] default - Handler registered: CancelBetHandler
[2022-01-02T15:01:55.039] [DEBUG] default - Registering handlers
[2022-01-02T15:01:55.704] [DEBUG] default - Client is ready
[2022-01-02T15:01:57.011] [DEBUG] default - Handling command: "!start_bet Naxxramas 10 Anub'Rekhan"
[2022-01-02T15:01:57.012] [DEBUG] default - Handler matched: StartBetHandler
[2022-01-02T15:02:00.741] [DEBUG] default - Handling command: "!cancel_bet"
[2022-01-02T15:02:00.742] [DEBUG] default - Handler matched: CancelBetHandler
[2022-01-02T15:02:01.902] [DEBUG] default - Handling command: "!cancel_bet"
[2022-01-02T15:02:13.924] [DEBUG] default - Handler registered: PingHandler
[2022-01-02T15:02:13.926] [DEBUG] default - Handler registered: HelpHandler
[2022-01-02T15:02:13.926] [DEBUG] default - Handler registered: RemoveCoinsHandler
[2022-01-02T15:02:13.927] [DEBUG] default - Handler registered: AddCoinsHandler
[2022-01-02T15:02:13.927] [DEBUG] default - Handler registered: CoinsHandler
[2022-01-02T15:02:13.927] [DEBUG] default - Handler registered: UserCoinsHandler
[2022-01-02T15:02:13.927] [DEBUG] default - Handler registered: RaidListHandler
[2022-01-02T15:02:13.928] [DEBUG] default - Handler registered: BossListHandler
[2022-01-02T15:02:13.928] [DEBUG] default - Handler registered: StartBetHandler
[2022-01-02T15:02:13.928] [DEBUG] default - Handler registered: CancelBetHandler
[2022-01-02T15:02:13.929] [DEBUG] default - Registering handlers
[2022-01-02T15:02:14.541] [DEBUG] default - Client is ready
[2022-01-02T15:02:16.345] [DEBUG] default - Handling command: "!start_bet Naxxramas 10 Anub'Rekhan"
[2022-01-02T15:02:16.346] [DEBUG] default - Handler matched: StartBetHandler
[2022-01-02T15:02:18.935] [DEBUG] default - Handling command: "!cancel_bet"
[2022-01-02T15:02:18.936] [DEBUG] default - Handler matched: CancelBetHandler
[2022-01-02T15:02:21.124] [DEBUG] default - Handling command: "!cancel_bet"
[2022-01-02T15:02:21.125] [DEBUG] default - Handler matched: CancelBetHandler
[2022-01-02T15:12:46.054] [DEBUG] default - Handler registered: PingHandler
[2022-01-02T15:12:46.056] [DEBUG] default - Handler registered: HelpHandler
[2022-01-02T15:12:46.056] [DEBUG] default - Handler registered: RemoveCoinsHandler
[2022-01-02T15:12:46.057] [DEBUG] default - Handler registered: AddCoinsHandler
[2022-01-02T15:12:46.057] [DEBUG] default - Handler registered: CoinsHandler
[2022-01-02T15:12:46.057] [DEBUG] default - Handler registered: UserCoinsHandler
[2022-01-02T15:12:46.058] [DEBUG] default - Handler registered: RaidListHandler
[2022-01-02T15:12:46.058] [DEBUG] default - Handler registered: BossListHandler
[2022-01-02T15:12:46.058] [DEBUG] default - Handler registered: StartBetHandler
[2022-01-02T15:12:46.059] [DEBUG] default - Handler registered: CancelBetHandler
[2022-01-02T15:12:46.059] [DEBUG] default - Handler registered: ResolveBetHandler
[2022-01-02T15:12:46.059] [DEBUG] default - Registering handlers
[2022-01-02T15:12:46.683] [DEBUG] default - Client is ready
[2022-01-02T15:14:29.401] [DEBUG] default - Handler registered: PingHandler
[2022-01-02T15:14:29.403] [DEBUG] default - Handler registered: HelpHandler
[2022-01-02T15:14:29.404] [DEBUG] default - Handler registered: RemoveCoinsHandler
[2022-01-02T15:14:29.404] [DEBUG] default - Handler registered: AddCoinsHandler
[2022-01-02T15:14:29.404] [DEBUG] default - Handler registered: CoinsHandler
[2022-01-02T15:14:29.404] [DEBUG] default - Handler registered: UserCoinsHandler
[2022-01-02T15:14:29.405] [DEBUG] default - Handler registered: RaidListHandler
[2022-01-02T15:14:29.405] [DEBUG] default - Handler registered: BossListHandler
[2022-01-02T15:14:29.405] [DEBUG] default - Handler registered: StartBetHandler
[2022-01-02T15:14:29.406] [DEBUG] default - Handler registered: CancelBetHandler
[2022-01-02T15:14:29.406] [DEBUG] default - Handler registered: ResolveBetHandler
[2022-01-02T15:14:29.406] [DEBUG] default - Registering handlers
[2022-01-02T15:14:30.091] [DEBUG] default - Client is ready
[2022-01-02T15:14:35.839] [DEBUG] default - Handling command: "!start_bet Naxxramas 10 Anub'Rekhan"
[2022-01-02T15:14:35.840] [DEBUG] default - Handler matched: StartBetHandler
[2022-01-02T15:14:48.562] [DEBUG] default - Handling command: "!bet 10 Deflection Band"
[2022-01-02T15:14:48.563] [DEBUG] default - Handler not found
[2022-01-02T15:15:03.376] [DEBUG] default - Handler registered: PingHandler
[2022-01-02T15:15:03.378] [DEBUG] default - Handler registered: HelpHandler
[2022-01-02T15:15:03.379] [DEBUG] default - Handler registered: RemoveCoinsHandler
[2022-01-02T15:15:03.379] [DEBUG] default - Handler registered: AddCoinsHandler
[2022-01-02T15:15:03.379] [DEBUG] default - Handler registered: CoinsHandler
[2022-01-02T15:15:03.380] [DEBUG] default - Handler registered: UserCoinsHandler
[2022-01-02T15:15:03.380] [DEBUG] default - Handler registered: RaidListHandler
[2022-01-02T15:15:03.380] [DEBUG] default - Handler registered: BossListHandler
[2022-01-02T15:15:03.381] [DEBUG] default - Handler registered: StartBetHandler
[2022-01-02T15:15:03.381] [DEBUG] default - Handler registered: CancelBetHandler
[2022-01-02T15:15:03.381] [DEBUG] default - Handler registered: ResolveBetHandler
[2022-01-02T15:15:03.382] [DEBUG] default - Handler registered: PlaceBetHandler
[2022-01-02T15:15:03.382] [DEBUG] default - Registering handlers
[2022-01-02T15:15:04.023] [DEBUG] default - Client is ready
[2022-01-02T15:15:08.437] [DEBUG] default - Handling command: "!start_bet Naxxramas 10 Anub'Rekhan"
[2022-01-02T15:15:08.437] [DEBUG] default - Handler matched: StartBetHandler
[2022-01-02T15:15:12.644] [DEBUG] default - Handling command: "!bet 10 Deflection Band"
[2022-01-02T15:15:12.644] [DEBUG] default - Handler matched: PlaceBetHandler
[2022-01-02T15:15:18.800] [DEBUG] default - Handling command: "!bet 10 Deflection Band"
[2022-01-02T15:15:18.800] [DEBUG] default - Handler matched: PlaceBetHandler
[2022-01-02T15:17:14.644] [DEBUG] default - Handler registered: PingHandler
[2022-01-02T15:17:14.646] [DEBUG] default - Handler registered: HelpHandler
[2022-01-02T15:17:14.647] [DEBUG] default - Handler registered: RemoveCoinsHandler
[2022-01-02T15:17:14.647] [DEBUG] default - Handler registered: AddCoinsHandler
[2022-01-02T15:17:14.647] [DEBUG] default - Handler registered: CoinsHandler
[2022-01-02T15:17:14.648] [DEBUG] default - Handler registered: UserCoinsHandler
[2022-01-02T15:17:14.648] [DEBUG] default - Handler registered: RaidListHandler
[2022-01-02T15:17:14.648] [DEBUG] default - Handler registered: BossListHandler
[2022-01-02T15:17:14.649] [DEBUG] default - Handler registered: StartBetHandler
[2022-01-02T15:17:14.649] [DEBUG] default - Handler registered: CancelBetHandler
[2022-01-02T15:17:14.649] [DEBUG] default - Handler registered: ResolveBetHandler
[2022-01-02T15:17:14.649] [DEBUG] default - Handler registered: PlaceBetHandler
[2022-01-02T15:17:14.650] [DEBUG] default - Registering handlers
[2022-01-02T15:17:15.247] [DEBUG] default - Client is ready
[2022-01-02T15:17:16.632] [DEBUG] default - Handling command: "!start_bet Naxxramas 10 Anub'Rekhan"
[2022-01-02T15:17:16.633] [DEBUG] default - Handler matched: StartBetHandler
[2022-01-02T15:17:20.691] [DEBUG] default - Handling command: "!coins"
[2022-01-02T15:17:20.692] [DEBUG] default - Handler matched: CoinsHandler
[2022-01-02T15:17:23.677] [DEBUG] default - Handling command: "!bet 10 Deflection Band"
[2022-01-02T15:17:23.678] [DEBUG] default - Handler matched: PlaceBetHandler
[2022-01-02T15:17:25.874] [DEBUG] default - Handling command: "!coins"
[2022-01-02T15:17:25.874] [DEBUG] default - Handler matched: CoinsHandler
[2022-01-02T15:20:11.229] [DEBUG] default - Handler registered: PingHandler
[2022-01-02T15:20:11.232] [DEBUG] default - Handler registered: HelpHandler
[2022-01-02T15:20:11.232] [DEBUG] default - Handler registered: RemoveCoinsHandler
[2022-01-02T15:20:11.232] [DEBUG] default - Handler registered: AddCoinsHandler
[2022-01-02T15:20:11.232] [DEBUG] default - Handler registered: CoinsHandler
[2022-01-02T15:20:11.233] [DEBUG] default - Handler registered: UserCoinsHandler
[2022-01-02T15:20:11.233] [DEBUG] default - Handler registered: RaidListHandler
[2022-01-02T15:20:11.233] [DEBUG] default - Handler registered: BossListHandler
[2022-01-02T15:20:11.234] [DEBUG] default - Handler registered: StartBetHandler
[2022-01-02T15:20:11.234] [DEBUG] default - Handler registered: CancelBetHandler
[2022-01-02T15:20:11.234] [DEBUG] default - Handler registered: ResolveBetHandler
[2022-01-02T15:20:11.234] [DEBUG] default - Handler registered: PlaceBetHandler
[2022-01-02T15:20:11.235] [DEBUG] default - Registering handlers
[2022-01-02T15:20:11.906] [DEBUG] default - Client is ready
[2022-01-02T15:20:14.131] [DEBUG] default - Handling command: "!start_bet Naxxramas 10 Anub'Rekhan"
[2022-01-02T15:20:14.132] [DEBUG] default - Handler matched: StartBetHandler
[2022-01-02T15:20:19.328] [DEBUG] default - Handling command: "!bet 10 Deflection Band"
[2022-01-02T15:20:19.329] [DEBUG] default - Handler matched: PlaceBetHandler
[2022-01-02T15:20:22.498] [DEBUG] default - Handling command: "!coins"
[2022-01-02T15:20:22.499] [DEBUG] default - Handler matched: CoinsHandler
[2022-01-02T15:20:27.206] [DEBUG] default - Handling command: "!cancel_bet"
[2022-01-02T15:20:27.206] [DEBUG] default - Handler matched: CancelBetHandler
[2022-01-02T15:20:30.619] [DEBUG] default - Handling command: "!coins"
[2022-01-02T15:20:30.620] [DEBUG] default - Handler matched: CoinsHandler
[2022-01-02T15:24:27.171] [DEBUG] default - Handling command: "!resolve_bet
Boots of Persistence
Chivalric Chestguard
Collar of Dissolution"
[2022-01-02T15:24:27.172] [DEBUG] default - Handler not found
[2022-01-02T15:29:56.655] [DEBUG] default - Handler registered: PingHandler
[2022-01-02T15:29:56.657] [DEBUG] default - Handler registered: HelpHandler
[2022-01-02T15:29:56.657] [DEBUG] default - Handler registered: RemoveCoinsHandler
[2022-01-02T15:29:56.657] [DEBUG] default - Handler registered: AddCoinsHandler
[2022-01-02T15:29:56.658] [DEBUG] default - Handler registered: CoinsHandler
[2022-01-02T15:29:56.658] [DEBUG] default - Handler registered: UserCoinsHandler
[2022-01-02T15:29:56.658] [DEBUG] default - Handler registered: RaidListHandler
[2022-01-02T15:29:56.659] [DEBUG] default - Handler registered: BossListHandler
[2022-01-02T15:29:56.659] [DEBUG] default - Handler registered: StartBetHandler
[2022-01-02T15:29:56.659] [DEBUG] default - Handler registered: CancelBetHandler
[2022-01-02T15:29:56.660] [DEBUG] default - Handler registered: ResolveBetHandler
[2022-01-02T15:29:56.660] [DEBUG] default - Handler registered: PlaceBetHandler
[2022-01-02T15:29:56.661] [DEBUG] default - Registering handlers
[2022-01-02T15:29:57.301] [DEBUG] default - Client is ready
[2022-01-02T15:30:06.524] [DEBUG] default - Handling command: "!start_bet Naxxramas 10 Anub'Rekhan"
[2022-01-02T15:30:06.524] [DEBUG] default - Handler matched: StartBetHandler
[2022-01-02T15:30:09.601] [DEBUG] default - Handling command: "!bet 10 Deflection Band"
[2022-01-02T15:30:09.602] [DEBUG] default - Handler matched: PlaceBetHandler
[2022-01-02T15:30:14.312] [DEBUG] default - Handling command: "!resolve_bet
Boots of Persistence
Chivalric Chestguard
Collar of Dissolution"
[2022-01-02T15:30:14.313] [DEBUG] default - Handler matched: ResolveBetHandler
[2022-01-02T15:31:02.906] [DEBUG] default - Handler registered: PingHandler
[2022-01-02T15:31:02.909] [DEBUG] default - Handler registered: HelpHandler
[2022-01-02T15:31:02.909] [DEBUG] default - Handler registered: RemoveCoinsHandler
[2022-01-02T15:31:02.909] [DEBUG] default - Handler registered: AddCoinsHandler
[2022-01-02T15:31:02.910] [DEBUG] default - Handler registered: CoinsHandler
[2022-01-02T15:31:02.910] [DEBUG] default - Handler registered: UserCoinsHandler
[2022-01-02T15:31:02.911] [DEBUG] default - Handler registered: RaidListHandler
[2022-01-02T15:31:02.912] [DEBUG] default - Handler registered: BossListHandler
[2022-01-02T15:31:02.913] [DEBUG] default - Handler registered: StartBetHandler
[2022-01-02T15:31:02.913] [DEBUG] default - Handler registered: CancelBetHandler
[2022-01-02T15:31:02.914] [DEBUG] default - Handler registered: ResolveBetHandler
[2022-01-02T15:31:02.914] [DEBUG] default - Handler registered: PlaceBetHandler
[2022-01-02T15:31:02.914] [DEBUG] default - Registering handlers
[2022-01-02T15:31:03.522] [DEBUG] default - Client is ready
[2022-01-02T15:31:04.927] [DEBUG] default - Handling command: "!start_bet Naxxramas 10 Anub'Rekhan"
[2022-01-02T15:31:04.928] [DEBUG] default - Handler matched: StartBetHandler
[2022-01-02T15:31:08.456] [DEBUG] default - Handling command: "!bet 10 Deflection Band"
[2022-01-02T15:31:08.457] [DEBUG] default - Handler matched: PlaceBetHandler
[2022-01-02T15:31:13.200] [DEBUG] default - Handling command: "!resolve_bet
Boots of Persistence
Chivalric Chestguard
Collar of Dissolution"
[2022-01-02T15:31:13.201] [DEBUG] default - Handler matched: ResolveBetHandler
[2022-01-02T15:35:12.842] [DEBUG] default - Handler registered: PingHandler
[2022-01-02T15:35:12.845] [DEBUG] default - Handler registered: HelpHandler
[2022-01-02T15:35:12.845] [DEBUG] default - Handler registered: RemoveCoinsHandler
[2022-01-02T15:35:12.846] [DEBUG] default - Handler registered: AddCoinsHandler
[2022-01-02T15:35:12.846] [DEBUG] default - Handler registered: CoinsHandler
[2022-01-02T15:35:12.846] [DEBUG] default - Handler registered: UserCoinsHandler
[2022-01-02T15:35:12.847] [DEBUG] default - Handler registered: RaidListHandler
[2022-01-02T15:35:12.847] [DEBUG] default - Handler registered: BossListHandler
[2022-01-02T15:35:12.847] [DEBUG] default - Handler registered: StartBetHandler
[2022-01-02T15:35:12.848] [DEBUG] default - Handler registered: CancelBetHandler
[2022-01-02T15:35:12.848] [DEBUG] default - Handler registered: ResolveBetHandler
[2022-01-02T15:35:12.848] [DEBUG] default - Handler registered: PlaceBetHandler
[2022-01-02T15:35:12.848] [DEBUG] default - Handler registered: BetPoolHandler
[2022-01-02T15:35:12.849] [DEBUG] default - Registering handlers
[2022-01-02T15:35:13.453] [DEBUG] default - Client is ready
[2022-01-02T15:35:15.066] [DEBUG] default - Handling command: "!start_bet Naxxramas 10 Anub'Rekhan"
[2022-01-02T15:35:15.066] [DEBUG] default - Handler matched: StartBetHandler
[2022-01-02T15:35:18.195] [DEBUG] default - Handling command: "!bet 10 Deflection Band"
[2022-01-02T15:35:18.196] [DEBUG] default - Handler matched: PlaceBetHandler
[2022-01-02T15:35:21.339] [DEBUG] default - Handling command: "!bet_pool"
[2022-01-02T15:35:21.339] [DEBUG] default - Handler matched: BetPoolHandler
[2022-01-02T15:35:34.918] [DEBUG] default - Handling command: "!bet 10123123 Deflection Band"
[2022-01-02T15:35:34.918] [DEBUG] default - Handler matched: PlaceBetHandler
[2022-01-02T15:36:12.478] [DEBUG] default - Handler registered: PingHandler
[2022-01-02T15:36:12.480] [DEBUG] default - Handler registered: HelpHandler
[2022-01-02T15:36:12.481] [DEBUG] default - Handler registered: RemoveCoinsHandler
[2022-01-02T15:36:12.481] [DEBUG] default - Handler registered: AddCoinsHandler
[2022-01-02T15:36:12.481] [DEBUG] default - Handler registered: CoinsHandler
[2022-01-02T15:36:12.482] [DEBUG] default - Handler registered: UserCoinsHandler
[2022-01-02T15:36:12.482] [DEBUG] default - Handler registered: RaidListHandler
[2022-01-02T15:36:12.482] [DEBUG] default - Handler registered: BossListHandler
[2022-01-02T15:36:12.482] [DEBUG] default - Handler registered: StartBetHandler
[2022-01-02T15:36:12.483] [DEBUG] default - Handler registered: CancelBetHandler
[2022-01-02T15:36:12.483] [DEBUG] default - Handler registered: ResolveBetHandler
[2022-01-02T15:36:12.483] [DEBUG] default - Handler registered: PlaceBetHandler
[2022-01-02T15:36:12.483] [DEBUG] default - Handler registered: BetPoolHandler
[2022-01-02T15:36:12.484] [DEBUG] default - Registering handlers
[2022-01-02T15:36:13.095] [DEBUG] default - Client is ready
[2022-01-02T15:36:15.210] [DEBUG] default - Handling command: "!start_bet Naxxramas 10 Anub'Rekhan"
[2022-01-02T15:36:15.211] [DEBUG] default - Handler matched: StartBetHandler
[2022-01-02T15:36:19.413] [DEBUG] default - Handling command: "!bet 10 Deflection Band"
[2022-01-02T15:36:19.413] [DEBUG] default - Handler matched: PlaceBetHandler
[2022-01-02T15:36:21.684] [DEBUG] default - Handling command: "!bet 11231230 Deflection Band"
[2022-01-02T15:36:21.685] [DEBUG] default - Handler matched: PlaceBetHandler
[2022-01-02T15:39:46.905] [DEBUG] default - Handler registered: PingHandler
[2022-01-02T15:39:46.907] [DEBUG] default - Handler registered: HelpHandler
[2022-01-02T15:39:46.907] [DEBUG] default - Handler registered: RemoveCoinsHandler
[2022-01-02T15:39:46.907] [DEBUG] default - Handler registered: AddCoinsHandler
[2022-01-02T15:39:46.908] [DEBUG] default - Handler registered: CoinsHandler
[2022-01-02T15:39:46.908] [DEBUG] default - Handler registered: UserCoinsHandler
[2022-01-02T15:39:46.908] [DEBUG] default - Handler registered: RaidListHandler
[2022-01-02T15:39:46.909] [DEBUG] default - Handler registered: BossListHandler
[2022-01-02T15:39:46.909] [DEBUG] default - Handler registered: StartBetHandler
[2022-01-02T15:39:46.909] [DEBUG] default - Handler registered: CancelBetHandler
[2022-01-02T15:39:46.909] [DEBUG] default - Handler registered: ResolveBetHandler
[2022-01-02T15:39:46.910] [DEBUG] default - Handler registered: PlaceBetHandler
[2022-01-02T15:39:46.910] [DEBUG] default - Handler registered: BetPoolHandler
[2022-01-02T15:39:46.910] [DEBUG] default - Registering handlers
[2022-01-02T15:39:47.494] [DEBUG] default - Client is ready
[2022-01-02T15:39:48.994] [DEBUG] default - Handling command: "!start_bet Naxxramas 10 Anub'Rekhan"
[2022-01-02T15:39:48.995] [DEBUG] default - Handler matched: StartBetHandler
[2022-01-02T15:39:54.046] [DEBUG] default - Handling command: "!bet 10 Deflection Lol"
[2022-01-02T15:39:54.047] [DEBUG] default - Handler matched: PlaceBetHandler
[2022-01-02T15:40:17.574] [DEBUG] default - Handler registered: PingHandler
[2022-01-02T15:40:17.576] [DEBUG] default - Handler registered: HelpHandler
[2022-01-02T15:40:17.577] [DEBUG] default - Handler registered: RemoveCoinsHandler
[2022-01-02T15:40:17.577] [DEBUG] default - Handler registered: AddCoinsHandler
[2022-01-02T15:40:17.577] [DEBUG] default - Handler registered: CoinsHandler
[2022-01-02T15:40:17.578] [DEBUG] default - Handler registered: UserCoinsHandler
[2022-01-02T15:40:17.578] [DEBUG] default - Handler registered: RaidListHandler
[2022-01-02T15:40:17.578] [DEBUG] default - Handler registered: BossListHandler
[2022-01-02T15:40:17.578] [DEBUG] default - Handler registered: StartBetHandler
[2022-01-02T15:40:17.579] [DEBUG] default - Handler registered: CancelBetHandler
[2022-01-02T15:40:17.579] [DEBUG] default - Handler registered: ResolveBetHandler
[2022-01-02T15:40:17.579] [DEBUG] default - Handler registered: PlaceBetHandler
[2022-01-02T15:40:17.579] [DEBUG] default - Handler registered: BetPoolHandler
[2022-01-02T15:40:17.580] [DEBUG] default - Registering handlers
[2022-01-02T15:40:18.154] [DEBUG] default - Client is ready
[2022-01-02T15:40:19.779] [DEBUG] default - Handling command: "!start_bet Naxxramas 10 Anub'Rekhan"
[2022-01-02T15:40:19.779] [DEBUG] default - Handler matched: StartBetHandler
[2022-01-02T15:40:25.700] [DEBUG] default - Handling command: "!bet 10 Deflection Lol"
[2022-01-02T15:40:25.701] [DEBUG] default - Handler matched: PlaceBetHandler
[2022-01-02T15:49:04.788] [DEBUG] default - Handler registered: PingHandler
[2022-01-02T15:49:04.790] [DEBUG] default - Handler registered: HelpHandler
[2022-01-02T15:49:04.791] [DEBUG] default - Handler registered: RemoveCoinsHandler
[2022-01-02T15:49:04.791] [DEBUG] default - Handler registered: AddCoinsHandler
[2022-01-02T15:49:04.791] [DEBUG] default - Handler registered: CoinsHandler
[2022-01-02T15:49:04.791] [DEBUG] default - Handler registered: UserCoinsHandler
[2022-01-02T15:49:04.792] [DEBUG] default - Handler registered: RaidListHandler
[2022-01-02T15:49:04.792] [DEBUG] default - Handler registered: BossListHandler
[2022-01-02T15:49:04.792] [DEBUG] default - Handler registered: StartBetHandler
[2022-01-02T15:49:04.793] [DEBUG] default - Handler registered: CancelBetHandler
[2022-01-02T15:49:04.793] [DEBUG] default - Handler registered: ResolveBetHandler
[2022-01-02T15:49:04.793] [DEBUG] default - Handler registered: PlaceBetHandler
[2022-01-02T15:49:04.793] [DEBUG] default - Handler registered: BetPoolHandler
[2022-01-02T15:49:04.794] [DEBUG] default - Registering handlers
[2022-01-02T15:49:05.465] [DEBUG] default - Client is ready
[2022-01-02T15:49:08.445] [DEBUG] default - Handling command: "!start_bet Naxxramas 10 Anub'Rekhan"
[2022-01-02T15:49:08.446] [DEBUG] default - Handler matched: StartBetHandler
[2022-01-02T15:49:12.762] [DEBUG] default - Handling command: "!bet 10 Deflection Band"
[2022-01-02T15:49:12.763] [DEBUG] default - Handler matched: PlaceBetHandler
[2022-01-02T15:49:24.392] [DEBUG] default - Handling command: "!resolve_bet
Deflection Band"
[2022-01-02T15:49:24.393] [DEBUG] default - Handler matched: ResolveBetHandler
[2022-01-02T15:54:25.219] [DEBUG] default - Handler registered: PingHandler
[2022-01-02T15:54:25.221] [DEBUG] default - Handler registered: HelpHandler
[2022-01-02T15:54:25.221] [DEBUG] default - Handler registered: RemoveCoinsHandler
[2022-01-02T15:54:25.221] [DEBUG] default - Handler registered: AddCoinsHandler
[2022-01-02T15:54:25.222] [DEBUG] default - Handler registered: CoinsHandler
[2022-01-02T15:54:25.222] [DEBUG] default - Handler registered: UserCoinsHandler
[2022-01-02T15:54:25.222] [DEBUG] default - Handler registered: RaidListHandler
[2022-01-02T15:54:25.223] [DEBUG] default - Handler registered: BossListHandler
[2022-01-02T15:54:25.223] [DEBUG] default - Handler registered: StartBetHandler
[2022-01-02T15:54:25.223] [DEBUG] default - Handler registered: CancelBetHandler
[2022-01-02T15:54:25.223] [DEBUG] default - Handler registered: ResolveBetHandler
[2022-01-02T15:54:25.224] [DEBUG] default - Handler registered: PlaceBetHandler
[2022-01-02T15:54:25.224] [DEBUG] default - Handler registered: BetPoolHandler
[2022-01-02T15:54:25.224] [DEBUG] default - Registering handlers
[2022-01-02T15:54:25.795] [DEBUG] default - Client is ready
[2022-01-02T15:54:26.328] [DEBUG] default - Handling command: "!start_bet Naxxramas 10 Anub'Rekhan"
[2022-01-02T15:54:26.328] [DEBUG] default - Handler matched: StartBetHandler
[2022-01-02T15:54:30.427] [DEBUG] default - Handling command: "!bet 10 Deflection Band"
[2022-01-02T15:54:30.428] [DEBUG] default - Handler matched: PlaceBetHandler
[2022-01-02T15:54:37.186] [DEBUG] default - Handling command: "!bet 10 Chivalric Chestguard"
[2022-01-02T15:54:37.187] [DEBUG] default - Handler matched: PlaceBetHandler
[2022-01-02T15:54:47.821] [DEBUG] default - Handling command: "!resolve_bet
Chivalric Chestguard"
[2022-01-02T15:54:47.821] [DEBUG] default - Handler matched: ResolveBetHandler
[2022-01-02T15:56:30.838] [DEBUG] default - Handler registered: PingHandler
[2022-01-02T15:56:30.840] [DEBUG] default - Handler registered: HelpHandler
[2022-01-02T15:56:30.840] [DEBUG] default - Handler registered: RemoveCoinsHandler
[2022-01-02T15:56:30.840] [DEBUG] default - Handler registered: AddCoinsHandler
[2022-01-02T15:56:30.841] [DEBUG] default - Handler registered: CoinsHandler
[2022-01-02T15:56:30.841] [DEBUG] default - Handler registered: UserCoinsHandler
[2022-01-02T15:56:30.842] [DEBUG] default - Handler registered: RaidListHandler
[2022-01-02T15:56:30.842] [DEBUG] default - Handler registered: BossListHandler
[2022-01-02T15:56:30.842] [DEBUG] default - Handler registered: StartBetHandler
[2022-01-02T15:56:30.842] [DEBUG] default - Handler registered: CancelBetHandler
[2022-01-02T15:56:30.843] [DEBUG] default - Handler registered: ResolveBetHandler
[2022-01-02T15:56:30.843] [DEBUG] default - Handler registered: PlaceBetHandler
[2022-01-02T15:56:30.843] [DEBUG] default - Handler registered: BetPoolHandler
[2022-01-02T15:56:30.843] [DEBUG] default - Registering handlers
[2022-01-02T15:56:31.478] [DEBUG] default - Client is ready
[2022-01-02T15:56:31.920] [DEBUG] default - Handling command: "!start_bet Naxxramas 10 Anub'Rekhan"
[2022-01-02T15:56:31.921] [DEBUG] default - Handler matched: StartBetHandler
[2022-01-02T15:56:34.987] [DEBUG] default - Handling command: "!bet 10 Deflection Band"
[2022-01-02T15:56:34.987] [DEBUG] default - Handler matched: PlaceBetHandler
[2022-01-02T15:56:42.273] [DEBUG] default - Handling command: "!bet 10 Boots of Persistence"
[2022-01-02T15:56:42.273] [DEBUG] default - Handler matched: PlaceBetHandler
[2022-01-02T15:56:48.064] [DEBUG] default - Handling command: "!resolve_bet
Boots of Persistence"
[2022-01-02T15:56:48.064] [DEBUG] default - Handler matched: ResolveBetHandler
[2022-01-02T16:01:33.156] [DEBUG] default - Handling command: "!start_bet Naxxramas 10 Anub'Rekhan"
[2022-01-02T16:01:33.156] [DEBUG] default - Handler matched: StartBetHandler
[2022-01-02T16:01:57.997] [DEBUG] default - Handling command: "!bet 10 Knife of Incision"
[2022-01-02T16:01:57.997] [DEBUG] default - Handler matched: PlaceBetHandler
[2022-01-02T16:02:18.591] [DEBUG] default - Handling command: "!add_coin <@!927111436172427294> 100"
[2022-01-02T16:02:18.592] [DEBUG] default - Handler not found
[2022-01-02T16:02:54.972] [DEBUG] default - Handling command: "!add_coins <@!279862630771064832> 100"
[2022-01-02T16:02:54.972] [DEBUG] default - Handler matched: AddCoinsHandler
[2022-01-02T16:03:51.089] [DEBUG] default - Handling command: "!bet 20 Ravaging Sabatons"
[2022-01-02T16:03:51.090] [DEBUG] default - Handler matched: PlaceBetHandler
[2022-01-02T16:04:12.547] [DEBUG] default - Handling command: "!list_raid"
[2022-01-02T16:04:12.547] [DEBUG] default - Handler not found
[2022-01-02T16:04:23.573] [DEBUG] default - Handling command: "!raid_list"
[2022-01-02T16:04:23.574] [DEBUG] default - Handler matched: RaidListHandler
[2022-01-02T16:04:31.632] [DEBUG] default - Handling command: "!raid_boss Naxxramas"
[2022-01-02T16:04:31.632] [DEBUG] default - Handler matched: BossListHandler
[2022-01-02T16:05:02.792] [DEBUG] default - Handling command: "!cancel_bet"
[2022-01-02T16:05:02.792] [DEBUG] default - Handler matched: CancelBetHandler
[2022-01-02T16:05:19.802] [DEBUG] default - Handler registered: PingHandler
[2022-01-02T16:05:19.804] [DEBUG] default - Handler registered: HelpHandler
[2022-01-02T16:05:19.804] [DEBUG] default - Handler registered: RemoveCoinsHandler
[2022-01-02T16:05:19.804] [DEBUG] default - Handler registered: AddCoinsHandler
[2022-01-02T16:05:19.805] [DEBUG] default - Handler registered: CoinsHandler
[2022-01-02T16:05:19.805] [DEBUG] default - Handler registered: UserCoinsHandler
[2022-01-02T16:05:19.805] [DEBUG] default - Handler registered: RaidListHandler
[2022-01-02T16:05:19.806] [DEBUG] default - Handler registered: BossListHandler
[2022-01-02T16:05:19.806] [DEBUG] default - Handler registered: StartBetHandler
[2022-01-02T16:05:19.806] [DEBUG] default - Handler registered: CancelBetHandler
[2022-01-02T16:05:19.806] [DEBUG] default - Handler registered: ResolveBetHandler
[2022-01-02T16:05:19.807] [DEBUG] default - Handler registered: PlaceBetHandler
[2022-01-02T16:05:19.807] [DEBUG] default - Handler registered: BetPoolHandler
[2022-01-02T16:05:19.807] [DEBUG] default - Registering handlers
[2022-01-02T16:05:20.415] [DEBUG] default - Client is ready
[2022-01-02T16:05:22.548] [DEBUG] default - Handling command: "!coins"
[2022-01-02T16:05:22.548] [DEBUG] default - Handler matched: CoinsHandler
[2022-01-02T16:05:24.919] [DEBUG] default - Handling command: "!coin"
[2022-01-02T16:05:24.920] [DEBUG] default - Handler not found
[2022-01-02T16:05:27.400] [DEBUG] default - Handling command: "!coins"
[2022-01-02T16:05:27.400] [DEBUG] default - Handler matched: CoinsHandler
[2022-01-02T16:05:35.817] [DEBUG] default - Handling command: "!start_bet Naxxramas 10 Anub'Rekhan"
[2022-01-02T16:05:35.818] [DEBUG] default - Handler matched: StartBetHandler
[2022-01-02T16:05:41.771] [DEBUG] default - Handling command: "!bet 10 Deflection Band"
[2022-01-02T16:05:41.771] [DEBUG] default - Handler matched: PlaceBetHandler
[2022-01-02T16:05:43.951] [DEBUG] default - Handling command: "!coins"
[2022-01-02T16:05:43.952] [DEBUG] default - Handler matched: CoinsHandler
[2022-01-02T16:06:24.894] [DEBUG] default - Handling command: "!bet 10 Boots of Persistence"
[2022-01-02T16:06:24.895] [DEBUG] default - Handler matched: PlaceBetHandler
[2022-01-02T16:06:31.541] [DEBUG] default - Handling command: "!coins"
[2022-01-02T16:06:31.541] [DEBUG] default - Handler matched: CoinsHandler
[2022-01-02T16:06:37.738] [DEBUG] default - Handling command: "!cancel_bet"
[2022-01-02T16:06:37.738] [DEBUG] default - Handler matched: CancelBetHandler
[2022-01-02T16:08:34.755] [DEBUG] default - Handler registered: PingHandler
[2022-01-02T16:08:34.757] [DEBUG] default - Handler registered: HelpHandler
[2022-01-02T16:08:34.757] [DEBUG] default - Handler registered: RemoveCoinsHandler
[2022-01-02T16:08:34.757] [DEBUG] default - Handler registered: AddCoinsHandler
[2022-01-02T16:08:34.757] [DEBUG] default - Handler registered: CoinsHandler
[2022-01-02T16:08:34.757] [DEBUG] default - Handler registered: UserCoinsHandler
[2022-01-02T16:08:34.758] [DEBUG] default - Handler registered: RaidListHandler
[2022-01-02T16:08:34.758] [DEBUG] default - Handler registered: BossListHandler
[2022-01-02T16:08:34.758] [DEBUG] default - Handler registered: StartBetHandler
[2022-01-02T16:08:34.758] [DEBUG] default - Handler registered: CancelBetHandler
[2022-01-02T16:08:34.758] [DEBUG] default - Handler registered: ResolveBetHandler
[2022-01-02T16:08:34.758] [DEBUG] default - Handler registered: PlaceBetHandler
[2022-01-02T16:08:34.758] [DEBUG] default - Handler registered: BetPoolHandler
[2022-01-02T16:08:34.758] [DEBUG] default - Registering handlers
[2022-01-02T16:08:35.381] [DEBUG] default - Client is ready
[2022-01-02T16:08:36.633] [DEBUG] default - Handling command: "!coins"
[2022-01-02T16:08:36.633] [DEBUG] default - Handler matched: CoinsHandler
[2022-01-02T16:08:39.030] [DEBUG] default - Handling command: "!start_bet Naxxramas 10 Anub'Rekhan"
[2022-01-02T16:08:39.030] [DEBUG] default - Handler matched: StartBetHandler
[2022-01-02T16:08:43.369] [DEBUG] default - Handling command: "!bet 10 Deflection Band"
[2022-01-02T16:08:43.369] [DEBUG] default - Handler matched: PlaceBetHandler
[2022-01-02T16:08:52.724] [DEBUG] default - Handling command: "!bet 10 Boots of Persistence"
[2022-01-02T16:08:52.724] [DEBUG] default - Handler matched: PlaceBetHandler
[2022-01-02T16:08:56.886] [DEBUG] default - Handling command: "!resolve_bet
Boots of Persistence"
[2022-01-02T16:08:56.887] [DEBUG] default - Handler matched: ResolveBetHandler
[2022-01-02T16:09:27.390] [DEBUG] default - Handler registered: PingHandler
[2022-01-02T16:09:27.392] [DEBUG] default - Handler registered: HelpHandler
[2022-01-02T16:09:27.392] [DEBUG] default - Handler registered: RemoveCoinsHandler
[2022-01-02T16:09:27.393] [DEBUG] default - Handler registered: AddCoinsHandler
[2022-01-02T16:09:27.393] [DEBUG] default - Handler registered: CoinsHandler
[2022-01-02T16:09:27.393] [DEBUG] default - Handler registered: UserCoinsHandler
[2022-01-02T16:09:27.393] [DEBUG] default - Handler registered: RaidListHandler
[2022-01-02T16:09:27.394] [DEBUG] default - Handler registered: BossListHandler
[2022-01-02T16:09:27.394] [DEBUG] default - Handler registered: StartBetHandler
[2022-01-02T16:09:27.394] [DEBUG] default - Handler registered: CancelBetHandler
[2022-01-02T16:09:27.395] [DEBUG] default - Handler registered: ResolveBetHandler
[2022-01-02T16:09:27.395] [DEBUG] default - Handler registered: PlaceBetHandler
[2022-01-02T16:09:27.395] [DEBUG] default - Handler registered: BetPoolHandler
[2022-01-02T16:09:27.395] [DEBUG] default - Registering handlers
[2022-01-02T16:09:28.033] [DEBUG] default - Client is ready
[2022-01-02T16:09:32.064] [DEBUG] default - Handling command: "!start_bet Naxxramas 10 Anub'Rekhan"
[2022-01-02T16:09:32.065] [DEBUG] default - Handler matched: StartBetHandler
[2022-01-02T16:09:36.341] [DEBUG] default - Handling command: "!bet 10 Deflection Band"
[2022-01-02T16:09:36.342] [DEBUG] default - Handler matched: PlaceBetHandler
[2022-01-02T16:09:39.849] [DEBUG] default - Handling command: "!bet 10 Boots of Persistence"
[2022-01-02T16:09:39.849] [DEBUG] default - Handler matched: PlaceBetHandler
[2022-01-02T16:09:45.253] [DEBUG] default - Handling command: "!resolve_bet
Boots of Persistence
Chivalric Chestguard
Collar of Dissolution"
[2022-01-02T16:09:45.254] [DEBUG] default - Handler matched: ResolveBetHandler
[2022-01-02T16:12:40.568] [DEBUG] default - Handler registered: PingHandler
[2022-01-02T16:12:40.570] [DEBUG] default - Handler registered: HelpHandler
[2022-01-02T16:12:40.570] [DEBUG] default - Handler registered: RemoveCoinsHandler
[2022-01-02T16:12:40.570] [DEBUG] default - Handler registered: AddCoinsHandler
[2022-01-02T16:12:40.571] [DEBUG] default - Handler registered: CoinsHandler
[2022-01-02T16:12:40.571] [DEBUG] default - Handler registered: UserCoinsHandler
[2022-01-02T16:12:40.571] [DEBUG] default - Handler registered: RaidListHandler
[2022-01-02T16:12:40.572] [DEBUG] default - Handler registered: BossListHandler
[2022-01-02T16:12:40.572] [DEBUG] default - Handler registered: StartBetHandler
[2022-01-02T16:12:40.572] [DEBUG] default - Handler registered: CancelBetHandler
[2022-01-02T16:12:40.573] [DEBUG] default - Handler registered: ResolveBetHandler
[2022-01-02T16:12:40.573] [DEBUG] default - Handler registered: PlaceBetHandler
[2022-01-02T16:12:40.573] [DEBUG] default - Handler registered: BetPoolHandler
[2022-01-02T16:12:40.573] [DEBUG] default - Registering handlers
[2022-01-02T16:12:41.279] [DEBUG] default - Client is ready
[2022-01-02T16:12:47.142] [DEBUG] default - Handling command: "!add_coins <@!279862630771064832> 1000"
[2022-01-02T16:12:47.142] [DEBUG] default - Handler matched: AddCoinsHandler
[2022-01-02T16:12:51.852] [DEBUG] default - Handling command: "!add_coins <@!300683903679856650> 1000"
[2022-01-02T16:12:51.852] [DEBUG] default - Handler matched: AddCoinsHandler
[2022-01-02T16:13:30.540] [DEBUG] default - Handling command: "!start_bet Naxxramas 10 Anub'Rekhan"
[2022-01-02T16:13:30.540] [DEBUG] default - Handler matched: StartBetHandler
[2022-01-02T16:14:29.766] [DEBUG] default - Handling command: "!bet 100 Boots of Persistence"
[2022-01-02T16:14:29.766] [DEBUG] default - Handler matched: PlaceBetHandler
[2022-01-02T16:14:39.024] [DEBUG] default - Handling command: "!bet 50 Boots of Persistence"
[2022-01-02T16:14:39.025] [DEBUG] default - Handler matched: PlaceBetHandler
[2022-01-02T16:14:41.665] [DEBUG] default - Handling command: "!resolve_bet
Boots of Persistence"
[2022-01-02T16:14:41.666] [DEBUG] default - Handler matched: ResolveBetHandler
[2022-01-02T16:16:47.695] [DEBUG] default - Handling command: "!coins"
[2022-01-02T16:16:47.696] [DEBUG] default - Handler matched: CoinsHandler
[2022-01-02T16:20:15.550] [DEBUG] default - Handling command: "!add_coins <@!219222420660158466> 1000"
[2022-01-02T16:20:15.550] [DEBUG] default - Handler matched: AddCoinsHandler
[2022-01-02T16:20:55.347] [DEBUG] default - Handling command: "!raid_boss Naxxramas"
[2022-01-02T16:20:55.347] [DEBUG] default - Handler matched: BossListHandler
[2022-01-02T16:21:07.205] [DEBUG] default - Handling command: "!start_bet Naxxramas 10 Gluth"
[2022-01-02T16:21:07.206] [DEBUG] default - Handler matched: StartBetHandler
[2022-01-02T16:21:14.496] [DEBUG] default - Handling command: "!bet 10 Arc-Scorched Helmet"
[2022-01-02T16:21:14.496] [DEBUG] default - Handler not found
[2022-01-02T16:21:36.361] [DEBUG] default - Handling command: "!bet 500 Tunic of the Lost Pack"
[2022-01-02T16:21:36.361] [DEBUG] default - Handler matched: PlaceBetHandler
[2022-01-02T16:22:39.576] [DEBUG] default - Handler registered: PingHandler
[2022-01-02T16:22:39.578] [DEBUG] default - Handler registered: HelpHandler
[2022-01-02T16:22:39.579] [DEBUG] default - Handler registered: RemoveCoinsHandler
[2022-01-02T16:22:39.579] [DEBUG] default - Handler registered: AddCoinsHandler
[2022-01-02T16:22:39.579] [DEBUG] default - Handler registered: CoinsHandler
[2022-01-02T16:22:39.580] [DEBUG] default - Handler registered: UserCoinsHandler
[2022-01-02T16:22:39.580] [DEBUG] default - Handler registered: RaidListHandler
[2022-01-02T16:22:39.581] [DEBUG] default - Handler registered: BossListHandler
[2022-01-02T16:22:39.581] [DEBUG] default - Handler registered: StartBetHandler
[2022-01-02T16:22:39.581] [DEBUG] default - Handler registered: CancelBetHandler
[2022-01-02T16:22:39.582] [DEBUG] default - Handler registered: ResolveBetHandler
[2022-01-02T16:22:39.582] [DEBUG] default - Handler registered: PlaceBetHandler
[2022-01-02T16:22:39.582] [DEBUG] default - Handler registered: BetPoolHandler
[2022-01-02T16:22:39.583] [DEBUG] default - Registering handlers
[2022-01-02T16:22:40.217] [DEBUG] default - Client is ready
[2022-01-02T16:22:42.502] [DEBUG] default - Handling command: "!coins"
[2022-01-02T16:22:42.502] [DEBUG] default - Handler matched: CoinsHandler
[2022-01-02T16:22:52.036] [DEBUG] default - Handling command: "!start_bet Naxxramas 10 Gluth"
[2022-01-02T16:22:52.036] [DEBUG] default - Handler matched: StartBetHandler
[2022-01-02T16:22:59.365] [DEBUG] default - Handling command: "!bet 150 Arc-Scorched Helmet"
[2022-01-02T16:22:59.366] [DEBUG] default - Handler matched: PlaceBetHandler
[2022-01-02T16:23:05.382] [DEBUG] default - Handling command: "!bet 150 Necrogenic Belt"
[2022-01-02T16:23:05.383] [DEBUG] default - Handler matched: PlaceBetHandler
[2022-01-02T16:23:10.812] [DEBUG] default - Handling command: "!bet 200 Spirit-World Glass"
[2022-01-02T16:23:10.813] [DEBUG] default - Handler matched: PlaceBetHandler
[2022-01-02T16:23:12.538] [DEBUG] default - Handling command: "!pool"
[2022-01-02T16:23:12.539] [DEBUG] default - Handler not found
[2022-01-02T16:23:21.777] [DEBUG] default - Handling command: "!bet_pool"
[2022-01-02T16:23:21.778] [DEBUG] default - Handler matched: BetPoolHandler
[2022-01-02T16:23:51.762] [DEBUG] default - Handling command: "!resolve_bet
Tunic of the Lost Pack"
[2022-01-02T16:23:51.762] [DEBUG] default - Handler matched: ResolveBetHandler
[2022-01-02T16:24:58.276] [DEBUG] default - Handler registered: PingHandler
[2022-01-02T16:24:58.278] [DEBUG] default - Handler registered: HelpHandler
[2022-01-02T16:24:58.279] [DEBUG] default - Handler registered: RemoveCoinsHandler
[2022-01-02T16:24:58.279] [DEBUG] default - Handler registered: AddCoinsHandler
[2022-01-02T16:24:58.279] [DEBUG] default - Handler registered: CoinsHandler
[2022-01-02T16:24:58.280] [DEBUG] default - Handler registered: UserCoinsHandler
[2022-01-02T16:24:58.280] [DEBUG] default - Handler registered: RaidListHandler
[2022-01-02T16:24:58.280] [DEBUG] default - Handler registered: BossListHandler
[2022-01-02T16:24:58.280] [DEBUG] default - Handler registered: StartBetHandler
[2022-01-02T16:24:58.281] [DEBUG] default - Handler registered: CancelBetHandler
[2022-01-02T16:24:58.281] [DEBUG] default - Handler registered: ResolveBetHandler
[2022-01-02T16:24:58.281] [DEBUG] default - Handler registered: PlaceBetHandler
[2022-01-02T16:24:58.281] [DEBUG] default - Handler registered: BetPoolHandler
[2022-01-02T16:24:58.282] [DEBUG] default - Registering handlers
[2022-01-02T16:24:58.843] [DEBUG] default - Client is ready
[2022-01-02T16:26:00.132] [DEBUG] default - Handling command: "!boss_list"
[2022-01-02T16:26:00.133] [DEBUG] default - Handler not found
[2022-01-02T16:26:03.236] [DEBUG] default - Handling command: "!list_boss"
[2022-01-02T16:26:03.237] [DEBUG] default - Handler not found
[2022-01-02T16:26:32.161] [DEBUG] default - Handling command: "!raid_boss Naxxramas"
[2022-01-02T16:26:32.161] [DEBUG] default - Handler matched: BossListHandler
[2022-01-02T16:26:45.426] [DEBUG] default - Handling command: "!start_bet Sapphiron 10"
[2022-01-02T16:26:45.426] [DEBUG] default - Handler not found
[2022-01-02T16:26:57.133] [DEBUG] default - Handling command: "!start_bet Naxxramas 10 Sapphiron"
[2022-01-02T16:26:57.133] [DEBUG] default - Handler matched: StartBetHandler
[2022-01-02T16:31:49.887] [DEBUG] default - Handling command: "!ping"
[2022-01-02T16:31:49.888] [DEBUG] default - Handler not found
[2022-01-02T16:31:52.470] [DEBUG] default - Handling command: "!pong"
[2022-01-02T16:31:52.470] [DEBUG] default - Handler matched: PingHandler
[2022-01-02T16:32:11.087] [DEBUG] default - Handler registered: PingHandler
[2022-01-02T16:32:11.089] [DEBUG] default - Handler registered: HelpHandler
[2022-01-02T16:32:11.089] [DEBUG] default - Handler registered: RemoveCoinsHandler
[2022-01-02T16:32:11.089] [DEBUG] default - Handler registered: AddCoinsHandler
[2022-01-02T16:32:11.090] [DEBUG] default - Handler registered: CoinsHandler
[2022-01-02T16:32:11.090] [DEBUG] default - Handler registered: UserCoinsHandler
[2022-01-02T16:32:11.090] [DEBUG] default - Handler registered: RaidListHandler
[2022-01-02T16:32:11.091] [DEBUG] default - Handler registered: BossListHandler
[2022-01-02T16:32:11.091] [DEBUG] default - Handler registered: StartBetHandler
[2022-01-02T16:32:11.091] [DEBUG] default - Handler registered: CancelBetHandler
[2022-01-02T16:32:11.091] [DEBUG] default - Handler registered: ResolveBetHandler
[2022-01-02T16:32:11.092] [DEBUG] default - Handler registered: PlaceBetHandler
[2022-01-02T16:32:11.092] [DEBUG] default - Handler registered: BetPoolHandler
[2022-01-02T16:32:11.092] [DEBUG] default - Registering handlers
[2022-01-02T16:32:11.696] [DEBUG] default - Client is ready
